INFO: [VRFC 10-2263] Analyzing SystemVerilog file "/opt/Xilinx/Vivado/2016.2/data/ip/xpm/xpm_cdc/hdl/xpm_cdc.sv" into library xil_defaultlib
INFO: [VRFC 10-311] analyzing module xpm_cdc_single
INFO: [VRFC 10-311] analyzing module xpm_cdc_gray
INFO: [VRFC 10-311] analyzing module xpm_cdc_handshake
INFO: [VRFC 10-311] analyzing module xpm_cdc_pulse
INFO: [VRFC 10-311] analyzing module xpm_cdc_array_single
INFO: [VRFC 10-311] analyzing module xpm_cdc_sync_rst
INFO: [VRFC 10-311] analyzing module xpm_cdc_async_rst
INFO: [VRFC 10-2263] Analyzing Verilog file "/home/darryn/Git/milosar/fpga/milosar.srcs/sources_1/new/exp_interface.v" into library xil_defaultlib
INFO: [VRFC 10-311] analyzing module exp_interface
INFO: [VRFC 10-2263] Analyzing Verilog file "/home/darryn/Git/milosar/fpga/milosar.ip_user_files/ipstatic/processing_system7_bfm_v2_0/hdl/processing_system7_bfm_v2_0_arb_wr.v" into library processing_system7_bfm_v2_0_5
INFO: [VRFC 10-311] analyzing module processing_system7_bfm_v2_0_5_arb_wr
INFO: [VRFC 10-2263] Analyzing Verilog file "/home/darryn/Git/milosar/fpga/milosar.ip_user_files/ipstatic/processing_system7_bfm_v2_0/hdl/processing_system7_bfm_v2_0_arb_rd.v" into library processing_system7_bfm_v2_0_5
INFO: [VRFC 10-311] analyzing module processing_system7_bfm_v2_0_5_arb_rd
INFO: [VRFC 10-2263] Analyzing Verilog file "/home/darryn/Git/milosar/fpga/milosar.ip_user_files/ipstatic/processing_system7_bfm_v2_0/hdl/processing_system7_bfm_v2_0_arb_wr_4.v" into library processing_system7_bfm_v2_0_5
INFO: [VRFC 10-311] analyzing module processing_system7_bfm_v2_0_5_arb_wr_4
INFO: [VRFC 10-2263] Analyzing Verilog file "/home/darryn/Git/milosar/fpga/milosar.ip_user_files/ipstatic/processing_system7_bfm_v2_0/hdl/processing_system7_bfm_v2_0_arb_rd_4.v" into library processing_system7_bfm_v2_0_5
INFO: [VRFC 10-311] analyzing module processing_system7_bfm_v2_0_5_arb_rd_4
INFO: [VRFC 10-2263] Analyzing Verilog file "/home/darryn/Git/milosar/fpga/milosar.ip_user_files/ipstatic/processing_system7_bfm_v2_0/hdl/processing_system7_bfm_v2_0_arb_hp2_3.v" into library processing_system7_bfm_v2_0_5
INFO: [VRFC 10-311] analyzing module processing_system7_bfm_v2_0_5_arb_hp2_3
INFO: [VRFC 10-2263] Analyzing Verilog file "/home/darryn/Git/milosar/fpga/milosar.ip_user_files/ipstatic/processing_system7_bfm_v2_0/hdl/processing_system7_bfm_v2_0_arb_hp0_1.v" into library processing_system7_bfm_v2_0_5
INFO: [VRFC 10-311] analyzing module processing_system7_bfm_v2_0_5_arb_hp0_1
INFO: [VRFC 10-2263] Analyzing Verilog file "/home/darryn/Git/milosar/fpga/milosar.ip_user_files/ipstatic/processing_system7_bfm_v2_0/hdl/processing_system7_bfm_v2_0_ssw_hp.v" into library processing_system7_bfm_v2_0_5
INFO: [VRFC 10-311] analyzing module processing_system7_bfm_v2_0_5_ssw_hp
INFO: [VRFC 10-2263] Analyzing Verilog file "/home/darryn/Git/milosar/fpga/milosar.ip_user_files/ipstatic/processing_system7_bfm_v2_0/hdl/processing_system7_bfm_v2_0_sparse_mem.v" into library processing_system7_bfm_v2_0_5
INFO: [VRFC 10-311] analyzing module processing_system7_bfm_v2_0_5_sparse_mem
INFO: [VRFC 10-2263] Analyzing Verilog file "/home/darryn/Git/milosar/fpga/milosar.ip_user_files/ipstatic/processing_system7_bfm_v2_0/hdl/processing_system7_bfm_v2_0_reg_map.v" into library processing_system7_bfm_v2_0_5
INFO: [VRFC 10-311] analyzing module processing_system7_bfm_v2_0_5_reg_map
INFO: [VRFC 10-2263] Analyzing Verilog file "/home/darryn/Git/milosar/fpga/milosar.ip_user_files/ipstatic/processing_system7_bfm_v2_0/hdl/processing_system7_bfm_v2_0_ocm_mem.v" into library processing_system7_bfm_v2_0_5
INFO: [VRFC 10-311] analyzing module processing_system7_bfm_v2_0_5_ocm_mem
INFO: [VRFC 10-2263] Analyzing Verilog file "/home/darryn/Git/milosar/fpga/milosar.ip_user_files/ipstatic/processing_system7_bfm_v2_0/hdl/processing_system7_bfm_v2_0_intr_wr_mem.v" into library processing_system7_bfm_v2_0_5
INFO: [VRFC 10-311] analyzing module processing_system7_bfm_v2_0_5_intr_wr_mem
INFO: [VRFC 10-2263] Analyzing Verilog file "/home/darryn/Git/milosar/fpga/milosar.ip_user_files/ipstatic/processing_system7_bfm_v2_0/hdl/processing_system7_bfm_v2_0_intr_rd_mem.v" into library processing_system7_bfm_v2_0_5
INFO: [VRFC 10-311] analyzing module processing_system7_bfm_v2_0_5_intr_rd_mem
INFO: [VRFC 10-2263] Analyzing Verilog file "/home/darryn/Git/milosar/fpga/milosar.ip_user_files/ipstatic/processing_system7_bfm_v2_0/hdl/processing_system7_bfm_v2_0_fmsw_gp.v" into library processing_system7_bfm_v2_0_5
INFO: [VRFC 10-311] analyzing module processing_system7_bfm_v2_0_5_fmsw_gp
INFO: [VRFC 10-2263] Analyzing Verilog file "/home/darryn/Git/milosar/fpga/milosar.ip_user_files/ipstatic/processing_system7_bfm_v2_0/hdl/processing_system7_bfm_v2_0_regc.v" into library processing_system7_bfm_v2_0_5
INFO: [VRFC 10-311] analyzing module processing_system7_bfm_v2_0_5_regc
INFO: [VRFC 10-2263] Analyzing Verilog file "/home/darryn/Git/milosar/fpga/milosar.ip_user_files/ipstatic/processing_system7_bfm_v2_0/hdl/processing_system7_bfm_v2_0_ocmc.v" into library processing_system7_bfm_v2_0_5
INFO: [VRFC 10-311] analyzing module processing_system7_bfm_v2_0_5_ocmc
INFO: [VRFC 10-2263] Analyzing Verilog file "/home/darryn/Git/milosar/fpga/milosar.ip_user_files/ipstatic/processing_system7_bfm_v2_0/hdl/processing_system7_bfm_v2_0_interconnect_model.v" into library processing_system7_bfm_v2_0_5
INFO: [VRFC 10-311] analyzing module processing_system7_bfm_v2_0_5_interconnect_model
INFO: [VRFC 10-2263] Analyzing Verilog file "/home/darryn/Git/milosar/fpga/milosar.ip_user_files/ipstatic/processing_system7_bfm_v2_0/hdl/processing_system7_bfm_v2_0_gen_reset.v" into library processing_system7_bfm_v2_0_5
INFO: [VRFC 10-311] analyzing module processing_system7_bfm_v2_0_5_gen_reset
INFO: [VRFC 10-2263] Analyzing Verilog file "/home/darryn/Git/milosar/fpga/milosar.ip_user_files/ipstatic/processing_system7_bfm_v2_0/hdl/processing_system7_bfm_v2_0_gen_clock.v" into library processing_system7_bfm_v2_0_5
INFO: [VRFC 10-311] analyzing module processing_system7_bfm_v2_0_5_gen_clock
INFO: [VRFC 10-2263] Analyzing Verilog file "/home/darryn/Git/milosar/fpga/milosar.ip_user_files/ipstatic/processing_system7_bfm_v2_0/hdl/processing_system7_bfm_v2_0_ddrc.v" into library processing_system7_bfm_v2_0_5
INFO: [VRFC 10-311] analyzing module processing_system7_bfm_v2_0_5_ddrc
INFO: [VRFC 10-2263] Analyzing Verilog file "/home/darryn/Git/milosar/fpga/milosar.ip_user_files/ipstatic/processing_system7_bfm_v2_0/hdl/processing_system7_bfm_v2_0_axi_slave.v" into library processing_system7_bfm_v2_0_5
INFO: [VRFC 10-311] analyzing module processing_system7_bfm_v2_0_5_axi_slave
INFO: [VRFC 10-2458] undeclared symbol read_fifo_empty, assumed default net type wire [/home/darryn/Git/milosar/fpga/milosar.ip_user_files/ipstatic/processing_system7_bfm_v2_0/hdl/processing_system7_bfm_v2_0_axi_slave.v:707]
INFO: [VRFC 10-2263] Analyzing Verilog file "/home/darryn/Git/milosar/fpga/milosar.ip_user_files/ipstatic/processing_system7_bfm_v2_0/hdl/processing_system7_bfm_v2_0_axi_master.v" into library processing_system7_bfm_v2_0_5
INFO: [VRFC 10-311] analyzing module processing_system7_bfm_v2_0_5_axi_master
INFO: [VRFC 10-2263] Analyzing Verilog file "/home/darryn/Git/milosar/fpga/milosar.ip_user_files/ipstatic/processing_system7_bfm_v2_0/hdl/processing_system7_bfm_v2_0_afi_slave.v" into library processing_system7_bfm_v2_0_5
INFO: [VRFC 10-311] analyzing module processing_system7_bfm_v2_0_5_afi_slave
INFO: [VRFC 10-2458] undeclared symbol bresp_fifo_full, assumed default net type wire [/home/darryn/Git/milosar/fpga/milosar.ip_user_files/ipstatic/processing_system7_bfm_v2_0/hdl/processing_system7_bfm_v2_0_afi_slave.v:438]
INFO: [VRFC 10-2263] Analyzing Verilog file "/home/darryn/Git/milosar/fpga/milosar.ip_user_files/ipstatic/processing_system7_bfm_v2_0/hdl/processing_system7_bfm_v2_0_processing_system7_bfm.v" into library processing_system7_bfm_v2_0_5
INFO: [VRFC 10-311] analyzing module processing_system7_bfm_v2_0_5_processing_system7_bfm
INFO: [VRFC 10-2458] undeclared symbol DMA0_RSTN, assumed default net type wire [../../../milosar.ip_user_files/ipstatic/processing_system7_bfm_v2_0/hdl/processing_system7_bfm_v2_0_5_unused_ports.v:284]
INFO: [VRFC 10-2458] undeclared symbol DMA1_RSTN, assumed default net type wire [../../../milosar.ip_user_files/ipstatic/processing_system7_bfm_v2_0/hdl/processing_system7_bfm_v2_0_5_unused_ports.v:294]
INFO: [VRFC 10-2458] undeclared symbol DMA2_RSTN, assumed default net type wire [../../../milosar.ip_user_files/ipstatic/processing_system7_bfm_v2_0/hdl/processing_system7_bfm_v2_0_5_unused_ports.v:304]
INFO: [VRFC 10-2458] undeclared symbol DMA3_RSTN, assumed default net type wire [../../../milosar.ip_user_files/ipstatic/processing_system7_bfm_v2_0/hdl/processing_system7_bfm_v2_0_5_unused_ports.v:314]
INFO: [VRFC 10-2263] Analyzing Verilog file "/home/darryn/Git/milosar/fpga/milosar.ip_user_files/bd/system/ip/system_ps_0_0/sim/system_ps_0_0.v" into library xil_defaultlib
INFO: [VRFC 10-311] analyzing module system_ps_0_0
INFO: [VRFC 10-2263] Analyzing Verilog file "/home/darryn/Git/milosar/fpga/milosar.ip_user_files/bd/system/ipshared/pavel-demin/axi_cfg_register_v1_0/src/axi_cfg_register.v" into library xil_defaultlib
INFO: [VRFC 10-311] analyzing module axi_cfg_register
INFO: [VRFC 10-2263] Analyzing Verilog file "/home/darryn/Git/milosar/fpga/milosar.ip_user_files/bd/system/ip/system_cfg_0_0/sim/system_cfg_0_0.v" into library xil_defaultlib
INFO: [VRFC 10-311] analyzing module system_cfg_0_0
INFO: [VRFC 10-2263] Analyzing Verilog file "/home/darryn/Git/milosar/fpga/milosar.ip_user_files/bd/system/ipshared/xilinx.com/xlconstant_v1_1/xlconstant.v" into library xil_defaultlib
INFO: [VRFC 10-311] analyzing module xlconstant
INFO: [VRFC 10-2263] Analyzing Verilog file "/home/darryn/Git/milosar/fpga/milosar.ip_user_files/bd/system/ip/system_const_3_0/sim/system_const_3_0.v" into library xil_defaultlib
INFO: [VRFC 10-311] analyzing module system_const_3_0
INFO: [VRFC 10-2263] Analyzing Verilog file "/home/darryn/Git/milosar/fpga/milosar.ip_user_files/bd/system/ipshared/pavel-demin/axi_sts_register_v1_0/src/axi_sts_register.v" into library xil_defaultlib
INFO: [VRFC 10-311] analyzing module axi_sts_register
INFO: [VRFC 10-2263] Analyzing Verilog file "/home/darryn/Git/milosar/fpga/milosar.ip_user_files/bd/system/ip/system_sts_0_0/sim/system_sts_0_0.v" into library xil_defaultlib
INFO: [VRFC 10-311] analyzing module system_sts_0_0
INFO: [VRFC 10-2263] Analyzing Verilog file "/home/darryn/Git/milosar/fpga/milosar.ip_user_files/ipstatic/generic_baseblocks_v2_1/hdl/verilog/generic_baseblocks_v2_1_carry_and.v" into library generic_baseblocks_v2_1_0
INFO: [VRFC 10-311] analyzing module generic_baseblocks_v2_1_0_carry_and
INFO: [VRFC 10-2263] Analyzing Verilog file "/home/darryn/Git/milosar/fpga/milosar.ip_user_files/ipstatic/generic_baseblocks_v2_1/hdl/verilog/generic_baseblocks_v2_1_carry_latch_and.v" into library generic_baseblocks_v2_1_0
INFO: [VRFC 10-311] analyzing module generic_baseblocks_v2_1_0_carry_latch_and
INFO: [VRFC 10-2263] Analyzing Verilog file "/home/darryn/Git/milosar/fpga/milosar.ip_user_files/ipstatic/generic_baseblocks_v2_1/hdl/verilog/generic_baseblocks_v2_1_carry_latch_or.v" into library generic_baseblocks_v2_1_0
INFO: [VRFC 10-311] analyzing module generic_baseblocks_v2_1_0_carry_latch_or
INFO: [VRFC 10-2263] Analyzing Verilog file "/home/darryn/Git/milosar/fpga/milosar.ip_user_files/ipstatic/generic_baseblocks_v2_1/hdl/verilog/generic_baseblocks_v2_1_carry_or.v" into library generic_baseblocks_v2_1_0
INFO: [VRFC 10-311] analyzing module generic_baseblocks_v2_1_0_carry_or
INFO: [VRFC 10-2263] Analyzing Verilog file "/home/darryn/Git/milosar/fpga/milosar.ip_user_files/ipstatic/generic_baseblocks_v2_1/hdl/verilog/generic_baseblocks_v2_1_carry.v" into library generic_baseblocks_v2_1_0
INFO: [VRFC 10-311] analyzing module generic_baseblocks_v2_1_0_carry
INFO: [VRFC 10-2263] Analyzing Verilog file "/home/darryn/Git/milosar/fpga/milosar.ip_user_files/ipstatic/generic_baseblocks_v2_1/hdl/verilog/generic_baseblocks_v2_1_command_fifo.v" into library generic_baseblocks_v2_1_0
INFO: [VRFC 10-311] analyzing module generic_baseblocks_v2_1_0_command_fifo
INFO: [VRFC 10-2263] Analyzing Verilog file "/home/darryn/Git/milosar/fpga/milosar.ip_user_files/ipstatic/generic_baseblocks_v2_1/hdl/verilog/generic_baseblocks_v2_1_comparator_mask_static.v" into library generic_baseblocks_v2_1_0
INFO: [VRFC 10-311] analyzing module generic_baseblocks_v2_1_0_comparator_mask_static
INFO: [VRFC 10-2263] Analyzing Verilog file "/home/darryn/Git/milosar/fpga/milosar.ip_user_files/ipstatic/generic_baseblocks_v2_1/hdl/verilog/generic_baseblocks_v2_1_comparator_mask.v" into library generic_baseblocks_v2_1_0
INFO: [VRFC 10-311] analyzing module generic_baseblocks_v2_1_0_comparator_mask
INFO: [VRFC 10-2263] Analyzing Verilog file "/home/darryn/Git/milosar/fpga/milosar.ip_user_files/ipstatic/generic_baseblocks_v2_1/hdl/verilog/generic_baseblocks_v2_1_comparator_sel_mask_static.v" into library generic_baseblocks_v2_1_0
INFO: [VRFC 10-311] analyzing module generic_baseblocks_v2_1_0_comparator_sel_mask_static
INFO: [VRFC 10-2263] Analyzing Verilog file "/home/darryn/Git/milosar/fpga/milosar.ip_user_files/ipstatic/generic_baseblocks_v2_1/hdl/verilog/generic_baseblocks_v2_1_comparator_sel_mask.v" into library generic_baseblocks_v2_1_0
INFO: [VRFC 10-311] analyzing module generic_baseblocks_v2_1_0_comparator_sel_mask
INFO: [VRFC 10-2263] Analyzing Verilog file "/home/darryn/Git/milosar/fpga/milosar.ip_user_files/ipstatic/generic_baseblocks_v2_1/hdl/verilog/generic_baseblocks_v2_1_comparator_sel_static.v" into library generic_baseblocks_v2_1_0
INFO: [VRFC 10-311] analyzing module generic_baseblocks_v2_1_0_comparator_sel_static
INFO: [VRFC 10-2263] Analyzing Verilog file "/home/darryn/Git/milosar/fpga/milosar.ip_user_files/ipstatic/generic_baseblocks_v2_1/hdl/verilog/generic_baseblocks_v2_1_comparator_sel.v" into library generic_baseblocks_v2_1_0
INFO: [VRFC 10-311] analyzing module generic_baseblocks_v2_1_0_comparator_sel
INFO: [VRFC 10-2263] Analyzing Verilog file "/home/darryn/Git/milosar/fpga/milosar.ip_user_files/ipstatic/generic_baseblocks_v2_1/hdl/verilog/generic_baseblocks_v2_1_comparator_static.v" into library generic_baseblocks_v2_1_0
INFO: [VRFC 10-311] analyzing module generic_baseblocks_v2_1_0_comparator_static
INFO: [VRFC 10-2263] Analyzing Verilog file "/home/darryn/Git/milosar/fpga/milosar.ip_user_files/ipstatic/generic_baseblocks_v2_1/hdl/verilog/generic_baseblocks_v2_1_comparator.v" into library generic_baseblocks_v2_1_0
INFO: [VRFC 10-311] analyzing module generic_baseblocks_v2_1_0_comparator
INFO: [VRFC 10-2263] Analyzing Verilog file "/home/darryn/Git/milosar/fpga/milosar.ip_user_files/ipstatic/generic_baseblocks_v2_1/hdl/verilog/generic_baseblocks_v2_1_mux_enc.v" into library generic_baseblocks_v2_1_0
INFO: [VRFC 10-311] analyzing module generic_baseblocks_v2_1_0_mux_enc
INFO: [VRFC 10-2263] Analyzing Verilog file "/home/darryn/Git/milosar/fpga/milosar.ip_user_files/ipstatic/generic_baseblocks_v2_1/hdl/verilog/generic_baseblocks_v2_1_mux.v" into library generic_baseblocks_v2_1_0
INFO: [VRFC 10-311] analyzing module generic_baseblocks_v2_1_0_mux
INFO: [VRFC 10-2263] Analyzing Verilog file "/home/darryn/Git/milosar/fpga/milosar.ip_user_files/ipstatic/generic_baseblocks_v2_1/hdl/verilog/generic_baseblocks_v2_1_nto1_mux.v" into library generic_baseblocks_v2_1_0
INFO: [VRFC 10-311] analyzing module generic_baseblocks_v2_1_0_nto1_mux
INFO: [VRFC 10-2263] Analyzing Verilog file "/home/darryn/Git/milosar/fpga/milosar.ip_user_files/ipstatic/axi_infrastructure_v1_1/hdl/verilog/axi_infrastructure_v1_1_axi2vector.v" into library axi_infrastructure_v1_1_0
INFO: [VRFC 10-311] analyzing module axi_infrastructure_v1_1_0_axi2vector
INFO: [VRFC 10-2263] Analyzing Verilog file "/home/darryn/Git/milosar/fpga/milosar.ip_user_files/ipstatic/axi_infrastructure_v1_1/hdl/verilog/axi_infrastructure_v1_1_axic_srl_fifo.v" into library axi_infrastructure_v1_1_0
INFO: [VRFC 10-311] analyzing module axi_infrastructure_v1_1_0_axic_srl_fifo
INFO: [VRFC 10-2263] Analyzing Verilog file "/home/darryn/Git/milosar/fpga/milosar.ip_user_files/ipstatic/axi_infrastructure_v1_1/hdl/verilog/axi_infrastructure_v1_1_vector2axi.v" into library axi_infrastructure_v1_1_0
INFO: [VRFC 10-311] analyzing module axi_infrastructure_v1_1_0_vector2axi
INFO: [VRFC 10-2263] Analyzing Verilog file "/home/darryn/Git/milosar/fpga/milosar.ip_user_files/ipstatic/axi_register_slice_v2_1/hdl/verilog/axi_register_slice_v2_1_axic_register_slice.v" into library axi_register_slice_v2_1_9
INFO: [VRFC 10-311] analyzing module axi_register_slice_v2_1_9_srl_rtl
INFO: [VRFC 10-311] analyzing module axi_register_slice_v2_1_9_axic_register_slice
INFO: [VRFC 10-2263] Analyzing Verilog file "/home/darryn/Git/milosar/fpga/milosar.ip_user_files/ipstatic/axi_register_slice_v2_1/hdl/verilog/axi_register_slice_v2_1_axi_register_slice.v" into library axi_register_slice_v2_1_9
INFO: [VRFC 10-311] analyzing module axi_register_slice_v2_1_9_axi_register_slice
INFO: [VRFC 10-2263] Analyzing Verilog file "/home/darryn/Git/milosar/fpga/milosar.ip_user_files/ipstatic/fifo_generator_v13_1/simulation/fifo_generator_vlog_beh.v" into library fifo_generator_v13_1_1
INFO: [VRFC 10-311] analyzing module fifo_generator_vlog_beh
INFO: [VRFC 10-2458] undeclared symbol wr_eop_ad, assumed default net type wire [/home/darryn/Git/milosar/fpga/milosar.ip_user_files/ipstatic/fifo_generator_v13_1/simulation/fifo_generator_vlog_beh.v:1321]
INFO: [VRFC 10-2458] undeclared symbol rd_eop_ad, assumed default net type wire [/home/darryn/Git/milosar/fpga/milosar.ip_user_files/ipstatic/fifo_generator_v13_1/simulation/fifo_generator_vlog_beh.v:1322]
INFO: [VRFC 10-2458] undeclared symbol wr_rst_busy_axis, assumed default net type wire [/home/darryn/Git/milosar/fpga/milosar.ip_user_files/ipstatic/fifo_generator_v13_1/simulation/fifo_generator_vlog_beh.v:1561]
INFO: [VRFC 10-2458] undeclared symbol rd_rst_busy_axis, assumed default net type wire [/home/darryn/Git/milosar/fpga/milosar.ip_user_files/ipstatic/fifo_generator_v13_1/simulation/fifo_generator_vlog_beh.v:1562]
INFO: [VRFC 10-2458] undeclared symbol wr_rst_busy_wach, assumed default net type wire [/home/darryn/Git/milosar/fpga/milosar.ip_user_files/ipstatic/fifo_generator_v13_1/simulation/fifo_generator_vlog_beh.v:2087]
INFO: [VRFC 10-2458] undeclared symbol rd_rst_busy_wach, assumed default net type wire [/home/darryn/Git/milosar/fpga/milosar.ip_user_files/ipstatic/fifo_generator_v13_1/simulation/fifo_generator_vlog_beh.v:2088]
INFO: [VRFC 10-2458] undeclared symbol wr_rst_busy_wdch, assumed default net type wire [/home/darryn/Git/milosar/fpga/milosar.ip_user_files/ipstatic/fifo_generator_v13_1/simulation/fifo_generator_vlog_beh.v:2307]
INFO: [VRFC 10-2458] undeclared symbol rd_rst_busy_wdch, assumed default net type wire [/home/darryn/Git/milosar/fpga/milosar.ip_user_files/ipstatic/fifo_generator_v13_1/simulation/fifo_generator_vlog_beh.v:2308]
INFO: [VRFC 10-2458] undeclared symbol wr_rst_busy_wrch, assumed default net type wire [/home/darryn/Git/milosar/fpga/milosar.ip_user_files/ipstatic/fifo_generator_v13_1/simulation/fifo_generator_vlog_beh.v:2474]
INFO: [VRFC 10-2458] undeclared symbol rd_rst_busy_wrch, assumed default net type wire [/home/darryn/Git/milosar/fpga/milosar.ip_user_files/ipstatic/fifo_generator_v13_1/simulation/fifo_generator_vlog_beh.v:2475]
INFO: [VRFC 10-2458] undeclared symbol wr_rst_busy_rach, assumed default net type wire [/home/darryn/Git/milosar/fpga/milosar.ip_user_files/ipstatic/fifo_generator_v13_1/simulation/fifo_generator_vlog_beh.v:2854]
INFO: [VRFC 10-2458] undeclared symbol rd_rst_busy_rach, assumed default net type wire [/home/darryn/Git/milosar/fpga/milosar.ip_user_files/ipstatic/fifo_generator_v13_1/simulation/fifo_generator_vlog_beh.v:2855]
INFO: [VRFC 10-2458] undeclared symbol wr_rst_busy_rdch, assumed default net type wire [/home/darryn/Git/milosar/fpga/milosar.ip_user_files/ipstatic/fifo_generator_v13_1/simulation/fifo_generator_vlog_beh.v:3087]
INFO: [VRFC 10-2458] undeclared symbol rd_rst_busy_rdch, assumed default net type wire [/home/darryn/Git/milosar/fpga/milosar.ip_user_files/ipstatic/fifo_generator_v13_1/simulation/fifo_generator_vlog_beh.v:3088]
INFO: [VRFC 10-311] analyzing module fifo_generator_v13_1_1_CONV_VER
INFO: [VRFC 10-311] analyzing module fifo_generator_v13_1_1_sync_stage
INFO: [VRFC 10-311] analyzing module fifo_generator_v13_1_1_bhv_ver_as
INFO: [VRFC 10-311] analyzing module fifo_generator_v13_1_1_beh_ver_ll_afifo
INFO: [VRFC 10-311] analyzing module fifo_generator_v13_1_1_bhv_ver_ss
INFO: [VRFC 10-2458] undeclared symbol srst_wrst_busy, assumed default net type wire [/home/darryn/Git/milosar/fpga/milosar.ip_user_files/ipstatic/fifo_generator_v13_1/simulation/fifo_generator_vlog_beh.v:7752]
INFO: [VRFC 10-311] analyzing module fifo_generator_v13_1_1_bhv_ver_preload0
INFO: [VRFC 10-311] analyzing module fifo_generator_v13_1_1_axic_reg_slice
INFO: [VRFC 10-2263] Analyzing Verilog file "/home/darryn/Git/milosar/fpga/milosar.ip_user_files/ipstatic/fifo_generator_v13_1/hdl/fifo_generator_v13_1_rfs.v" into library fifo_generator_v13_1_1
INFO: [VRFC 10-311] analyzing module fifo_generator_v13_1_1
INFO: [VRFC 10-2458] undeclared symbol sleep_i, assumed default net type wire [/home/darryn/Git/milosar/fpga/milosar.ip_user_files/ipstatic/fifo_generator_v13_1/hdl/fifo_generator_v13_1_rfs.v:519]
INFO: [VRFC 10-2263] Analyzing Verilog file "/home/darryn/Git/milosar/fpga/milosar.ip_user_files/ipstatic/axi_data_fifo_v2_1/hdl/verilog/axi_data_fifo_v2_1_axic_fifo.v" into library axi_data_fifo_v2_1_8
INFO: [VRFC 10-311] analyzing module axi_data_fifo_v2_1_8_axic_fifo
INFO: [VRFC 10-2263] Analyzing Verilog file "/home/darryn/Git/milosar/fpga/milosar.ip_user_files/ipstatic/axi_data_fifo_v2_1/hdl/verilog/axi_data_fifo_v2_1_fifo_gen.v" into library axi_data_fifo_v2_1_8
INFO: [VRFC 10-311] analyzing module axi_data_fifo_v2_1_8_fifo_gen
INFO: [VRFC 10-2263] Analyzing Verilog file "/home/darryn/Git/milosar/fpga/milosar.ip_user_files/ipstatic/axi_data_fifo_v2_1/hdl/verilog/axi_data_fifo_v2_1_axic_srl_fifo.v" into library axi_data_fifo_v2_1_8
INFO: [VRFC 10-311] analyzing module axi_data_fifo_v2_1_8_axic_srl_fifo
INFO: [VRFC 10-2263] Analyzing Verilog file "/home/darryn/Git/milosar/fpga/milosar.ip_user_files/ipstatic/axi_data_fifo_v2_1/hdl/verilog/axi_data_fifo_v2_1_axic_reg_srl_fifo.v" into library axi_data_fifo_v2_1_8
INFO: [VRFC 10-311] analyzing module axi_data_fifo_v2_1_8_axic_reg_srl_fifo
INFO: [VRFC 10-2263] Analyzing Verilog file "/home/darryn/Git/milosar/fpga/milosar.ip_user_files/ipstatic/axi_data_fifo_v2_1/hdl/verilog/axi_data_fifo_v2_1_ndeep_srl.v" into library axi_data_fifo_v2_1_8
INFO: [VRFC 10-311] analyzing module axi_data_fifo_v2_1_8_ndeep_srl
INFO: [VRFC 10-2263] Analyzing Verilog file "/home/darryn/Git/milosar/fpga/milosar.ip_user_files/ipstatic/axi_data_fifo_v2_1/hdl/verilog/axi_data_fifo_v2_1_axi_data_fifo.v" into library axi_data_fifo_v2_1_8
INFO: [VRFC 10-311] analyzing module axi_data_fifo_v2_1_8_axi_data_fifo
INFO: [VRFC 10-2263] Analyzing Verilog file "/home/darryn/Git/milosar/fpga/milosar.ip_user_files/ipstatic/axi_crossbar_v2_1/hdl/verilog/axi_crossbar_v2_1_addr_arbiter_sasd.v" into library axi_crossbar_v2_1_10
INFO: [VRFC 10-311] analyzing module axi_crossbar_v2_1_10_addr_arbiter_sasd
INFO: [VRFC 10-2263] Analyzing Verilog file "/home/darryn/Git/milosar/fpga/milosar.ip_user_files/ipstatic/axi_crossbar_v2_1/hdl/verilog/axi_crossbar_v2_1_addr_arbiter.v" into library axi_crossbar_v2_1_10
INFO: [VRFC 10-311] analyzing module axi_crossbar_v2_1_10_addr_arbiter
INFO: [VRFC 10-2263] Analyzing Verilog file "/home/darryn/Git/milosar/fpga/milosar.ip_user_files/ipstatic/axi_crossbar_v2_1/hdl/verilog/axi_crossbar_v2_1_addr_decoder.v" into library axi_crossbar_v2_1_10
INFO: [VRFC 10-311] analyzing module axi_crossbar_v2_1_10_addr_decoder
INFO: [VRFC 10-2263] Analyzing Verilog file "/home/darryn/Git/milosar/fpga/milosar.ip_user_files/ipstatic/axi_crossbar_v2_1/hdl/verilog/axi_crossbar_v2_1_arbiter_resp.v" into library axi_crossbar_v2_1_10
INFO: [VRFC 10-311] analyzing module axi_crossbar_v2_1_10_arbiter_resp
INFO: [VRFC 10-2263] Analyzing Verilog file "/home/darryn/Git/milosar/fpga/milosar.ip_user_files/ipstatic/axi_crossbar_v2_1/hdl/verilog/axi_crossbar_v2_1_crossbar_sasd.v" into library axi_crossbar_v2_1_10
INFO: [VRFC 10-311] analyzing module axi_crossbar_v2_1_10_crossbar_sasd
INFO: [VRFC 10-2263] Analyzing Verilog file "/home/darryn/Git/milosar/fpga/milosar.ip_user_files/ipstatic/axi_crossbar_v2_1/hdl/verilog/axi_crossbar_v2_1_crossbar.v" into library axi_crossbar_v2_1_10
INFO: [VRFC 10-311] analyzing module axi_crossbar_v2_1_10_crossbar
INFO: [VRFC 10-2263] Analyzing Verilog file "/home/darryn/Git/milosar/fpga/milosar.ip_user_files/ipstatic/axi_crossbar_v2_1/hdl/verilog/axi_crossbar_v2_1_decerr_slave.v" into library axi_crossbar_v2_1_10
INFO: [VRFC 10-311] analyzing module axi_crossbar_v2_1_10_decerr_slave
INFO: [VRFC 10-2263] Analyzing Verilog file "/home/darryn/Git/milosar/fpga/milosar.ip_user_files/ipstatic/axi_crossbar_v2_1/hdl/verilog/axi_crossbar_v2_1_si_transactor.v" into library axi_crossbar_v2_1_10
INFO: [VRFC 10-311] analyzing module axi_crossbar_v2_1_10_si_transactor
INFO: [VRFC 10-2263] Analyzing Verilog file "/home/darryn/Git/milosar/fpga/milosar.ip_user_files/ipstatic/axi_crossbar_v2_1/hdl/verilog/axi_crossbar_v2_1_splitter.v" into library axi_crossbar_v2_1_10
INFO: [VRFC 10-311] analyzing module axi_crossbar_v2_1_10_splitter
INFO: [VRFC 10-2263] Analyzing Verilog file "/home/darryn/Git/milosar/fpga/milosar.ip_user_files/ipstatic/axi_crossbar_v2_1/hdl/verilog/axi_crossbar_v2_1_wdata_mux.v" into library axi_crossbar_v2_1_10
INFO: [VRFC 10-311] analyzing module axi_crossbar_v2_1_10_wdata_mux
INFO: [VRFC 10-2263] Analyzing Verilog file "/home/darryn/Git/milosar/fpga/milosar.ip_user_files/ipstatic/axi_crossbar_v2_1/hdl/verilog/axi_crossbar_v2_1_wdata_router.v" into library axi_crossbar_v2_1_10
INFO: [VRFC 10-311] analyzing module axi_crossbar_v2_1_10_wdata_router
INFO: [VRFC 10-2263] Analyzing Verilog file "/home/darryn/Git/milosar/fpga/milosar.ip_user_files/ipstatic/axi_crossbar_v2_1/hdl/verilog/axi_crossbar_v2_1_axi_crossbar.v" into library axi_crossbar_v2_1_10
INFO: [VRFC 10-311] analyzing module axi_crossbar_v2_1_10_axi_crossbar
INFO: [VRFC 10-2263] Analyzing Verilog file "/home/darryn/Git/milosar/fpga/milosar.ip_user_files/bd/system/ip/system_xbar_0/sim/system_xbar_0.v" into library xil_defaultlib
INFO: [VRFC 10-311] analyzing module system_xbar_0
INFO: [VRFC 10-2263] Analyzing Verilog file "/home/darryn/Git/milosar/fpga/milosar.ip_user_files/bd/system/hdl/system.v" into library xil_defaultlib
INFO: [VRFC 10-311] analyzing module channel_a_imp_JYKOO2
INFO: [VRFC 10-311] analyzing module channel_b_imp_WRMB9B
INFO: [VRFC 10-311] analyzing module clocking_system_imp_7QV4LN
INFO: [VRFC 10-311] analyzing module config_settings_imp_18GRB1F
INFO: [VRFC 10-311] analyzing module daisy_chain_imp_1A80GWR
INFO: [VRFC 10-311] analyzing module gpio_interface_imp_1EU3LZ6
INFO: [VRFC 10-311] analyzing module m00_couplers_imp_1GIFH4O
INFO: [VRFC 10-311] analyzing module m01_couplers_imp_5BE6LL
INFO: [VRFC 10-311] analyzing module m02_couplers_imp_GC57VF
INFO: [VRFC 10-311] analyzing module m03_couplers_imp_157OG3U
INFO: [VRFC 10-311] analyzing module m04_couplers_imp_T97Z7J
INFO: [VRFC 10-311] analyzing module processing_system_imp_W26YM1
INFO: [VRFC 10-311] analyzing module pulse_generator_imp_HA3ZXV
INFO: [VRFC 10-311] analyzing module receive_chain_imp_N0MRX5
INFO: [VRFC 10-311] analyzing module s00_couplers_imp_12IK0DL
INFO: [VRFC 10-311] analyzing module signal_generator_imp_HADG47
INFO: [VRFC 10-311] analyzing module system
INFO: [VRFC 10-311] analyzing module system_ps_0_axi_periph_0
INFO: [VRFC 10-2263] Analyzing Verilog file "/home/darryn/Git/milosar/fpga/milosar.ip_user_files/bd/system/ipshared/tighe-barris/axis_ram_writer_v1_5_31/src/axis_ram_writer.v" into library xil_defaultlib
INFO: [VRFC 10-311] analyzing module axis_ram_writer
INFO: [VRFC 10-2263] Analyzing Verilog file "/home/darryn/Git/milosar/fpga/milosar.ip_user_files/bd/system/ip/system_axis_ram_writer_0_0/sim/system_axis_ram_writer_0_0.v" into library xil_defaultlib
INFO: [VRFC 10-311] analyzing module system_axis_ram_writer_0_0
INFO: [VRFC 10-2263] Analyzing Verilog file "/home/darryn/Git/milosar/fpga/milosar.ip_user_files/bd/system/ipshared/pavel-demin/axis_red_pitaya_adc_v1_0_16/src/axis_red_pitaya_adc.v" into library xil_defaultlib
INFO: [VRFC 10-311] analyzing module axis_red_pitaya_adc
INFO: [VRFC 10-2263] Analyzing Verilog file "/home/darryn/Git/milosar/fpga/milosar.ip_user_files/bd/system/ip/system_axis_red_pitaya_adc_0_0/sim/system_axis_red_pitaya_adc_0_0.v" into library xil_defaultlib
INFO: [VRFC 10-311] analyzing module system_axis_red_pitaya_adc_0_0
INFO: [VRFC 10-2263] Analyzing Verilog file "/home/darryn/Git/milosar/fpga/milosar.ip_user_files/bd/system/ip/system_clk_wiz_0_1/system_clk_wiz_0_1_clk_wiz.v" into library xil_defaultlib
INFO: [VRFC 10-311] analyzing module system_clk_wiz_0_1_clk_wiz
INFO: [VRFC 10-2263] Analyzing Verilog file "/home/darryn/Git/milosar/fpga/milosar.ip_user_files/bd/system/ip/system_clk_wiz_0_1/system_clk_wiz_0_1.v" into library xil_defaultlib
INFO: [VRFC 10-311] analyzing module system_clk_wiz_0_1
INFO: [VRFC 10-2263] Analyzing Verilog file "/home/darryn/Git/milosar/fpga/milosar.ip_user_files/bd/system/ipshared/xilinx.com/xlslice_v1_0/xlslice.v" into library xil_defaultlib
INFO: [VRFC 10-311] analyzing module xlslice
INFO: [VRFC 10-2263] Analyzing Verilog file "/home/darryn/Git/milosar/fpga/milosar.ip_user_files/bd/system/ip/system_xlslice_0_0/sim/system_xlslice_0_0.v" into library xil_defaultlib
INFO: [VRFC 10-311] analyzing module system_xlslice_0_0
INFO: [VRFC 10-2263] Analyzing Verilog file "/home/darryn/Git/milosar/fpga/milosar.ip_user_files/ipstatic/axis_infrastructure_v1_1/hdl/verilog/axis_infrastructure_v1_1_mux_enc.v" into library axis_infrastructure_v1_1_0
INFO: [VRFC 10-311] analyzing module axis_infrastructure_v1_1_0_mux_enc
INFO: [VRFC 10-2263] Analyzing Verilog file "/home/darryn/Git/milosar/fpga/milosar.ip_user_files/ipstatic/axis_infrastructure_v1_1/hdl/verilog/axis_infrastructure_v1_1_util_aclken_converter.v" into library axis_infrastructure_v1_1_0
INFO: [VRFC 10-311] analyzing module axis_infrastructure_v1_1_0_util_aclken_converter
INFO: [VRFC 10-2263] Analyzing Verilog file "/home/darryn/Git/milosar/fpga/milosar.ip_user_files/ipstatic/axis_infrastructure_v1_1/hdl/verilog/axis_infrastructure_v1_1_util_aclken_converter_wrapper.v" into library axis_infrastructure_v1_1_0
INFO: [VRFC 10-311] analyzing module axis_infrastructure_v1_1_0_util_aclken_converter_wrapper
INFO: [VRFC 10-2263] Analyzing Verilog file "/home/darryn/Git/milosar/fpga/milosar.ip_user_files/ipstatic/axis_infrastructure_v1_1/hdl/verilog/axis_infrastructure_v1_1_util_axis2vector.v" into library axis_infrastructure_v1_1_0
INFO: [VRFC 10-311] analyzing module axis_infrastructure_v1_1_0_util_axis2vector
INFO: [VRFC 10-2263] Analyzing Verilog file "/home/darryn/Git/milosar/fpga/milosar.ip_user_files/ipstatic/axis_infrastructure_v1_1/hdl/verilog/axis_infrastructure_v1_1_util_vector2axis.v" into library axis_infrastructure_v1_1_0
INFO: [VRFC 10-311] analyzing module axis_infrastructure_v1_1_0_util_vector2axis
INFO: [VRFC 10-2263] Analyzing Verilog file "/home/darryn/Git/milosar/fpga/milosar.ip_user_files/ipstatic/axis_infrastructure_v1_1/hdl/verilog/axis_infrastructure_v1_1_clock_synchronizer.v" into library axis_infrastructure_v1_1_0
INFO: [VRFC 10-311] analyzing module axis_infrastructure_v1_1_0_clock_synchronizer
INFO: [VRFC 10-2263] Analyzing Verilog file "/home/darryn/Git/milosar/fpga/milosar.ip_user_files/ipstatic/axis_infrastructure_v1_1/hdl/verilog/axis_infrastructure_v1_1_cdc_handshake.v" into library axis_infrastructure_v1_1_0
INFO: [VRFC 10-311] analyzing module axis_infrastructure_v1_1_0_cdc_handshake
INFO: [VRFC 10-2263] Analyzing Verilog file "/home/darryn/Git/milosar/fpga/milosar.ip_user_files/ipstatic/axis_register_slice_v1_1/hdl/verilog/axis_register_slice_v1_1_axisc_register_slice.v" into library axis_register_slice_v1_1_9
INFO: [VRFC 10-311] analyzing module axis_register_slice_v1_1_9_axisc_register_slice
INFO: [VRFC 10-2263] Analyzing Verilog file "/home/darryn/Git/milosar/fpga/milosar.ip_user_files/ipstatic/axis_register_slice_v1_1/hdl/verilog/axis_register_slice_v1_1_axis_register_slice.v" into library axis_register_slice_v1_1_9
INFO: [VRFC 10-311] analyzing module axis_register_slice_v1_1_9_axis_register_slice
INFO: [VRFC 10-2263] Analyzing Verilog file "/home/darryn/Git/milosar/fpga/milosar.ip_user_files/ipstatic/axis_dwidth_converter_v1_1/hdl/verilog/axis_dwidth_converter_v1_1_axisc_downsizer.v" into library axis_dwidth_converter_v1_1_8
INFO: [VRFC 10-311] analyzing module axis_dwidth_converter_v1_1_8_axisc_downsizer
INFO: [VRFC 10-2263] Analyzing Verilog file "/home/darryn/Git/milosar/fpga/milosar.ip_user_files/ipstatic/axis_dwidth_converter_v1_1/hdl/verilog/axis_dwidth_converter_v1_1_axisc_upsizer.v" into library axis_dwidth_converter_v1_1_8
INFO: [VRFC 10-311] analyzing module axis_dwidth_converter_v1_1_8_axisc_upsizer
INFO: [VRFC 10-2263] Analyzing Verilog file "/home/darryn/Git/milosar/fpga/milosar.ip_user_files/ipstatic/axis_dwidth_converter_v1_1/hdl/verilog/axis_dwidth_converter_v1_1_axis_dwidth_converter.v" into library axis_dwidth_converter_v1_1_8
INFO: [VRFC 10-311] analyzing module axis_dwidth_converter_v1_1_8_axis_dwidth_converter
INFO: [VRFC 10-2263] Analyzing Verilog file "/home/darryn/Git/milosar/fpga/milosar.ip_user_files/bd/system/ip/system_axis_dwidth_converter_0_0/sim/system_axis_dwidth_converter_0_0.v" into library xil_defaultlib
INFO: [VRFC 10-311] analyzing module system_axis_dwidth_converter_0_0
INFO: [VRFC 10-2263] Analyzing Verilog file "/home/darryn/Git/milosar/fpga/milosar.ip_user_files/bd/system/ipshared/pavel-demin/axis_decimator_v1_0_7/src/axis_decimator.v" into library xil_defaultlib
INFO: [VRFC 10-311] analyzing module axis_decimator
INFO: [VRFC 10-2263] Analyzing Verilog file "/home/darryn/Git/milosar/fpga/milosar.ip_user_files/bd/system/ip/system_axis_decimator_0_0/sim/system_axis_decimator_0_0.v" into library xil_defaultlib
INFO: [VRFC 10-311] analyzing module system_axis_decimator_0_0
INFO: [VRFC 10-2263] Analyzing Verilog file "/home/darryn/Git/milosar/fpga/milosar.ip_user_files/bd/system/ip/system_axis_decimator_0_1/sim/system_axis_decimator_0_1.v" into library xil_defaultlib
INFO: [VRFC 10-311] analyzing module system_axis_decimator_0_1
INFO: [VRFC 10-2263] Analyzing Verilog file "/home/darryn/Git/milosar/fpga/milosar.ip_user_files/bd/system/ip/system_axis_dwidth_converter_0_1/sim/system_axis_dwidth_converter_0_1.v" into library xil_defaultlib
INFO: [VRFC 10-311] analyzing module system_axis_dwidth_converter_0_1
INFO: [VRFC 10-2263] Analyzing Verilog file "/home/darryn/Git/milosar/fpga/milosar.ip_user_files/bd/system/ip/system_ch_a_writer_0/sim/system_ch_a_writer_0.v" into library xil_defaultlib
INFO: [VRFC 10-311] analyzing module system_ch_a_writer_0
INFO: [VRFC 10-2263] Analyzing Verilog file "/home/darryn/Git/milosar/fpga/milosar.ip_user_files/bd/system/ip/system_ram_a_address_0/sim/system_ram_a_address_0.v" into library xil_defaultlib
INFO: [VRFC 10-311] analyzing module system_ram_a_address_0
INFO: [VRFC 10-2263] Analyzing Verilog file "/home/darryn/Git/milosar/fpga/milosar.ip_user_files/bd/system/ip/system_sts_a_channel_0/sim/system_sts_a_channel_0.v" into library xil_defaultlib
INFO: [VRFC 10-311] analyzing module system_sts_a_channel_0
INFO: [VRFC 10-2263] Analyzing Verilog file "/home/darryn/Git/milosar/fpga/milosar.ip_user_files/bd/system/ipshared/pavel-demin/axis_red_pitaya_dac_v1_0/src/axis_red_pitaya_dac.v" into library xil_defaultlib
INFO: [VRFC 10-311] analyzing module axis_red_pitaya_dac
INFO: [VRFC 10-2263] Analyzing Verilog file "/home/darryn/Git/milosar/fpga/milosar.ip_user_files/bd/system/ip/system_axis_red_pitaya_dac_0_0/sim/system_axis_red_pitaya_dac_0_0.v" into library xil_defaultlib
INFO: [VRFC 10-311] analyzing module system_axis_red_pitaya_dac_0_0
INFO: [VRFC 10-2263] Analyzing Verilog file "/home/darryn/Git/milosar/fpga/milosar.ip_user_files/bd/system/ip/system_clk_wiz_0_0/system_clk_wiz_0_0_clk_wiz.v" into library xil_defaultlib
INFO: [VRFC 10-311] analyzing module system_clk_wiz_0_0_clk_wiz
INFO: [VRFC 10-2263] Analyzing Verilog file "/home/darryn/Git/milosar/fpga/milosar.ip_user_files/bd/system/ip/system_clk_wiz_0_0/system_clk_wiz_0_0.v" into library xil_defaultlib
INFO: [VRFC 10-311] analyzing module system_clk_wiz_0_0
INFO: [VRFC 10-2263] Analyzing Verilog file "/home/darryn/Git/milosar/fpga/milosar.ip_user_files/bd/system/ip/system_axi_cfg_register_0_0/sim/system_axi_cfg_register_0_0.v" into library xil_defaultlib
INFO: [VRFC 10-311] analyzing module system_axi_cfg_register_0_0
INFO: [VRFC 10-2263] Analyzing Verilog file "/home/darryn/Git/milosar/fpga/milosar.ip_user_files/bd/system/ipshared/pavel-demin/axis_constant_v1_0/src/axis_constant.v" into library xil_defaultlib
INFO: [VRFC 10-311] analyzing module axis_constant
INFO: [VRFC 10-2263] Analyzing Verilog file "/home/darryn/Git/milosar/fpga/milosar.ip_user_files/bd/system/ip/system_axis_constant_0_0/sim/system_axis_constant_0_0.v" into library xil_defaultlib
INFO: [VRFC 10-311] analyzing module system_axis_constant_0_0
INFO: [VRFC 10-2263] Analyzing Verilog file "/home/darryn/Git/milosar/fpga/milosar.ip_user_files/bd/system/ip/system_exp_interface_0_0/sim/system_exp_interface_0_0.v" into library xil_defaultlib
INFO: [VRFC 10-311] analyzing module system_exp_interface_0_0
INFO: [VRFC 10-2263] Analyzing Verilog file "/home/darryn/Git/milosar/fpga/milosar.ip_user_files/bd/system/ip/system_axi_cfg_register_0_1/sim/system_axi_cfg_register_0_1.v" into library xil_defaultlib
INFO: [VRFC 10-311] analyzing module system_axi_cfg_register_0_1
INFO: [VRFC 10-2263] Analyzing Verilog file "/home/darryn/Git/milosar/fpga/milosar.ip_user_files/bd/system/ip/system_exp_interface_0_1/sim/system_exp_interface_0_1.v" into library xil_defaultlib
INFO: [VRFC 10-311] analyzing module system_exp_interface_0_1
INFO: [VRFC 10-2263] Analyzing Verilog file "/home/darryn/Git/milosar/fpga/milosar.ip_user_files/bd/system/ip/system_xlslice_0_2/sim/system_xlslice_0_2.v" into library xil_defaultlib
INFO: [VRFC 10-311] analyzing module system_xlslice_0_2
INFO: [VRFC 10-2263] Analyzing Verilog file "/home/darryn/Git/milosar/fpga/milosar.ip_user_files/bd/system/ip/system_xlslice_2_0/sim/system_xlslice_2_0.v" into library xil_defaultlib
INFO: [VRFC 10-311] analyzing module system_xlslice_2_0
INFO: [VRFC 10-2263] Analyzing Verilog file "/home/darryn/Git/milosar/fpga/milosar.ip_user_files/bd/system/ip/system_xlslice_0_1/sim/system_xlslice_0_1.v" into library xil_defaultlib
INFO: [VRFC 10-311] analyzing module system_xlslice_0_1
INFO: [VRFC 10-2263] Analyzing Verilog file "/home/darryn/Git/milosar/fpga/milosar.ip_user_files/bd/system/ip/system_gpio_n_lower_0/sim/system_gpio_n_lower_0.v" into library xil_defaultlib
INFO: [VRFC 10-311] analyzing module system_gpio_n_lower_0
INFO: [VRFC 10-2263] Analyzing Verilog file "/home/darryn/Git/milosar/fpga/milosar.ip_user_files/bd/system/ipshared/xilinx.com/xlconcat_v2_1/xlconcat.v" into library xil_defaultlib
INFO: [VRFC 10-311] analyzing module xlconcat
INFO: [VRFC 10-2263] Analyzing Verilog file "/home/darryn/Git/milosar/fpga/milosar.ip_user_files/bd/system/ip/system_xlconcat_0_0/sim/system_xlconcat_0_0.v" into library xil_defaultlib
INFO: [VRFC 10-311] analyzing module system_xlconcat_0_0
INFO: [VRFC 10-2263] Analyzing Verilog file "/home/darryn/Git/milosar/fpga/milosar.ip_user_files/bd/system/ip/system_xlslice_0_3_1/sim/system_xlslice_0_3.v" into library xil_defaultlib
INFO: [VRFC 10-311] analyzing module system_xlslice_0_3
INFO: [VRFC 10-2263] Analyzing Verilog file "/home/darryn/Git/milosar/fpga/milosar.ip_user_files/ipstatic/axi_protocol_converter_v2_1/hdl/verilog/axi_protocol_converter_v2_1_a_axi3_conv.v" into library axi_protocol_converter_v2_1_9
INFO: [VRFC 10-311] analyzing module axi_protocol_converter_v2_1_9_a_axi3_conv
INFO: [VRFC 10-2263] Analyzing Verilog file "/home/darryn/Git/milosar/fpga/milosar.ip_user_files/ipstatic/axi_protocol_converter_v2_1/hdl/verilog/axi_protocol_converter_v2_1_axi3_conv.v" into library axi_protocol_converter_v2_1_9
INFO: [VRFC 10-311] analyzing module axi_protocol_converter_v2_1_9_axi3_conv
INFO: [VRFC 10-2263] Analyzing Verilog file "/home/darryn/Git/milosar/fpga/milosar.ip_user_files/ipstatic/axi_protocol_converter_v2_1/hdl/verilog/axi_protocol_converter_v2_1_axilite_conv.v" into library axi_protocol_converter_v2_1_9
INFO: [VRFC 10-311] analyzing module axi_protocol_converter_v2_1_9_axilite_conv
INFO: [VRFC 10-2263] Analyzing Verilog file "/home/darryn/Git/milosar/fpga/milosar.ip_user_files/ipstatic/axi_protocol_converter_v2_1/hdl/verilog/axi_protocol_converter_v2_1_r_axi3_conv.v" into library axi_protocol_converter_v2_1_9
INFO: [VRFC 10-311] analyzing module axi_protocol_converter_v2_1_9_r_axi3_conv
INFO: [VRFC 10-2263] Analyzing Verilog file "/home/darryn/Git/milosar/fpga/milosar.ip_user_files/ipstatic/axi_protocol_converter_v2_1/hdl/verilog/axi_protocol_converter_v2_1_w_axi3_conv.v" into library axi_protocol_converter_v2_1_9
INFO: [VRFC 10-311] analyzing module axi_protocol_converter_v2_1_9_w_axi3_conv
INFO: [VRFC 10-2263] Analyzing Verilog file "/home/darryn/Git/milosar/fpga/milosar.ip_user_files/ipstatic/axi_protocol_converter_v2_1/hdl/verilog/axi_protocol_converter_v2_1_b_downsizer.v" into library axi_protocol_converter_v2_1_9
INFO: [VRFC 10-311] analyzing module axi_protocol_converter_v2_1_9_b_downsizer
INFO: [VRFC 10-2263] Analyzing Verilog file "/home/darryn/Git/milosar/fpga/milosar.ip_user_files/ipstatic/axi_protocol_converter_v2_1/hdl/verilog/axi_protocol_converter_v2_1_decerr_slave.v" into library axi_protocol_converter_v2_1_9
INFO: [VRFC 10-311] analyzing module axi_protocol_converter_v2_1_9_decerr_slave
INFO: [VRFC 10-2263] Analyzing Verilog file "/home/darryn/Git/milosar/fpga/milosar.ip_user_files/ipstatic/axi_protocol_converter_v2_1/hdl/verilog/axi_protocol_converter_v2_1_b2s_simple_fifo.v" into library axi_protocol_converter_v2_1_9
INFO: [VRFC 10-311] analyzing module axi_protocol_converter_v2_1_9_b2s_simple_fifo
INFO: [VRFC 10-2263] Analyzing Verilog file "/home/darryn/Git/milosar/fpga/milosar.ip_user_files/ipstatic/axi_protocol_converter_v2_1/hdl/verilog/axi_protocol_converter_v2_1_b2s_wrap_cmd.v" into library axi_protocol_converter_v2_1_9
INFO: [VRFC 10-311] analyzing module axi_protocol_converter_v2_1_9_b2s_wrap_cmd
INFO: [VRFC 10-2263] Analyzing Verilog file "/home/darryn/Git/milosar/fpga/milosar.ip_user_files/ipstatic/axi_protocol_converter_v2_1/hdl/verilog/axi_protocol_converter_v2_1_b2s_incr_cmd.v" into library axi_protocol_converter_v2_1_9
INFO: [VRFC 10-311] analyzing module axi_protocol_converter_v2_1_9_b2s_incr_cmd
INFO: [VRFC 10-2263] Analyzing Verilog file "/home/darryn/Git/milosar/fpga/milosar.ip_user_files/ipstatic/axi_protocol_converter_v2_1/hdl/verilog/axi_protocol_converter_v2_1_b2s_wr_cmd_fsm.v" into library axi_protocol_converter_v2_1_9
INFO: [VRFC 10-311] analyzing module axi_protocol_converter_v2_1_9_b2s_wr_cmd_fsm
INFO: [VRFC 10-2263] Analyzing Verilog file "/home/darryn/Git/milosar/fpga/milosar.ip_user_files/ipstatic/axi_protocol_converter_v2_1/hdl/verilog/axi_protocol_converter_v2_1_b2s_rd_cmd_fsm.v" into library axi_protocol_converter_v2_1_9
INFO: [VRFC 10-311] analyzing module axi_protocol_converter_v2_1_9_b2s_rd_cmd_fsm
INFO: [VRFC 10-2263] Analyzing Verilog file "/home/darryn/Git/milosar/fpga/milosar.ip_user_files/ipstatic/axi_protocol_converter_v2_1/hdl/verilog/axi_protocol_converter_v2_1_b2s_cmd_translator.v" into library axi_protocol_converter_v2_1_9
INFO: [VRFC 10-311] analyzing module axi_protocol_converter_v2_1_9_b2s_cmd_translator
INFO: [VRFC 10-2263] Analyzing Verilog file "/home/darryn/Git/milosar/fpga/milosar.ip_user_files/ipstatic/axi_protocol_converter_v2_1/hdl/verilog/axi_protocol_converter_v2_1_b2s_b_channel.v" into library axi_protocol_converter_v2_1_9
INFO: [VRFC 10-311] analyzing module axi_protocol_converter_v2_1_9_b2s_b_channel
INFO: [VRFC 10-2263] Analyzing Verilog file "/home/darryn/Git/milosar/fpga/milosar.ip_user_files/ipstatic/axi_protocol_converter_v2_1/hdl/verilog/axi_protocol_converter_v2_1_b2s_r_channel.v" into library axi_protocol_converter_v2_1_9
INFO: [VRFC 10-311] analyzing module axi_protocol_converter_v2_1_9_b2s_r_channel
INFO: [VRFC 10-2263] Analyzing Verilog file "/home/darryn/Git/milosar/fpga/milosar.ip_user_files/ipstatic/axi_protocol_converter_v2_1/hdl/verilog/axi_protocol_converter_v2_1_b2s_aw_channel.v" into library axi_protocol_converter_v2_1_9
INFO: [VRFC 10-311] analyzing module axi_protocol_converter_v2_1_9_b2s_aw_channel
INFO: [VRFC 10-2263] Analyzing Verilog file "/home/darryn/Git/milosar/fpga/milosar.ip_user_files/ipstatic/axi_protocol_converter_v2_1/hdl/verilog/axi_protocol_converter_v2_1_b2s_ar_channel.v" into library axi_protocol_converter_v2_1_9
INFO: [VRFC 10-311] analyzing module axi_protocol_converter_v2_1_9_b2s_ar_channel
INFO: [VRFC 10-2263] Analyzing Verilog file "/home/darryn/Git/milosar/fpga/milosar.ip_user_files/ipstatic/axi_protocol_converter_v2_1/hdl/verilog/axi_protocol_converter_v2_1_b2s.v" into library axi_protocol_converter_v2_1_9
INFO: [VRFC 10-311] analyzing module axi_protocol_converter_v2_1_9_b2s
INFO: [VRFC 10-2263] Analyzing Verilog file "/home/darryn/Git/milosar/fpga/milosar.ip_user_files/ipstatic/axi_protocol_converter_v2_1/hdl/verilog/axi_protocol_converter_v2_1_axi_protocol_converter.v" into library axi_protocol_converter_v2_1_9
INFO: [VRFC 10-311] analyzing module axi_protocol_converter_v2_1_9_axi_protocol_converter
INFO: [VRFC 10-2263] Analyzing Verilog file "/home/darryn/Git/milosar/fpga/milosar.ip_user_files/bd/system/ip/system_auto_pc_0/sim/system_auto_pc_0.v" into library xil_defaultlib
INFO: [VRFC 10-311] analyzing module system_auto_pc_0
INFO: [VRFC 10-2263] Analyzing Verilog file "/home/darryn/Git/milosar/fpga/milosar.srcs/sources_1/bd/system/hdl/system_wrapper.v" into library xil_defaultlib
INFO: [VRFC 10-311] analyzing module system_wrapper
INFO: [VRFC 10-2263] Analyzing Verilog file "/home/darryn/Git/milosar/fpga/milosar.srcs/sim_1/new/pulse_generator_tb.v" into library xil_defaultlib
INFO: [VRFC 10-311] analyzing module pulse_generator_tb
ERROR: [VRFC 10-91] enable is not declared [/home/darryn/Git/milosar/fpga/milosar.srcs/sim_1/new/pulse_generator_tb.v:14]
ERROR: [VRFC 10-1040] module pulse_generator_tb ignored due to previous errors [/home/darryn/Git/milosar/fpga/milosar.srcs/sim_1/new/pulse_generator_tb.v:3]
INFO: [VRFC 10-163] Analyzing VHDL file "/opt/Xilinx/Vivado/2016.2/data/ip/xpm/xpm_VCOMP.vhd" into library xpm
INFO: [VRFC 10-163] Analyzing VHDL file "/home/darryn/Git/milosar/fpga/milosar.ip_user_files/ipstatic/lib_cdc_v1_0/hdl/src/vhdl/cdc_sync.vhd" into library lib_cdc_v1_0_2
INFO: [VRFC 10-307] analyzing entity cdc_sync
INFO: [VRFC 10-163] Analyzing VHDL file "/home/darryn/Git/milosar/fpga/milosar.ip_user_files/ipstatic/proc_sys_reset_v5_0/hdl/src/vhdl/upcnt_n.vhd" into library proc_sys_reset_v5_0_9
INFO: [VRFC 10-307] analyzing entity upcnt_n
INFO: [VRFC 10-163] Analyzing VHDL file "/home/darryn/Git/milosar/fpga/milosar.ip_user_files/ipstatic/proc_sys_reset_v5_0/hdl/src/vhdl/sequence_psr.vhd" into library proc_sys_reset_v5_0_9
INFO: [VRFC 10-307] analyzing entity sequence_psr
INFO: [VRFC 10-163] Analyzing VHDL file "/home/darryn/Git/milosar/fpga/milosar.ip_user_files/ipstatic/proc_sys_reset_v5_0/hdl/src/vhdl/lpf.vhd" into library proc_sys_reset_v5_0_9
INFO: [VRFC 10-307] analyzing entity lpf
INFO: [VRFC 10-163] Analyzing VHDL file "/home/darryn/Git/milosar/fpga/milosar.ip_user_files/ipstatic/proc_sys_reset_v5_0/hdl/src/vhdl/proc_sys_reset.vhd" into library proc_sys_reset_v5_0_9
INFO: [VRFC 10-307] analyzing entity proc_sys_reset
INFO: [VRFC 10-163] Analyzing VHDL file "/home/darryn/Git/milosar/fpga/milosar.ip_user_files/bd/system/ip/system_rst_0_0/sim/system_rst_0_0.vhd" into library xil_defaultlib
INFO: [VRFC 10-307] analyzing entity system_rst_0_0
INFO: [VRFC 10-163] Analyzing VHDL file "/home/darryn/Git/milosar/fpga/milosar.ip_user_files/ipstatic/fifo_generator_v13_1/hdl/fifo_generator_v13_1_rfs.vhd" into library fifo_generator_v13_1_1
INFO: [VRFC 10-307] analyzing entity input_blk
INFO: [VRFC 10-307] analyzing entity output_blk
INFO: [VRFC 10-307] analyzing entity shft_wrapper
INFO: [VRFC 10-307] analyzing entity shft_ram
INFO: [VRFC 10-307] analyzing entity wr_pf_as
INFO: [VRFC 10-307] analyzing entity wr_pf_ss
INFO: [VRFC 10-307] analyzing entity rd_pe_as
INFO: [VRFC 10-307] analyzing entity rd_pe_ss
INFO: [VRFC 10-307] analyzing entity synchronizer_ff
INFO: [VRFC 10-307] analyzing entity delay
INFO: [VRFC 10-307] analyzing entity bin_cntr
INFO: [VRFC 10-307] analyzing entity clk_x_pntrs_builtin
INFO: [VRFC 10-307] analyzing entity logic_builtin
INFO: [VRFC 10-307] analyzing entity builtin_prim
INFO: [VRFC 10-307] analyzing entity builtin_extdepth
INFO: [VRFC 10-307] analyzing entity builtin_top
INFO: [VRFC 10-307] analyzing entity reset_builtin
INFO: [VRFC 10-307] analyzing entity builtin_prim_v6
INFO: [VRFC 10-307] analyzing entity builtin_extdepth_v6
INFO: [VRFC 10-307] analyzing entity builtin_extdepth_low_latency
INFO: [VRFC 10-307] analyzing entity builtin_top_v6
INFO: [VRFC 10-307] analyzing entity fifo_generator_v13_1_1_builtin
INFO: [VRFC 10-307] analyzing entity bram_sync_reg
INFO: [VRFC 10-307] analyzing entity bram_fifo_rstlogic
INFO: [VRFC 10-307] analyzing entity reset_blk_ramfifo
INFO: [VRFC 10-307] analyzing entity axi_reg_slice
INFO: [VRFC 10-307] analyzing entity fifo_generator_top
INFO: [VRFC 10-307] analyzing entity fifo_generator_v13_1_1_synth
INFO: [VRFC 10-163] Analyzing VHDL file "/home/darryn/Git/milosar/fpga/milosar.ip_user_files/ipstatic/util_ds_buf_v2_1/hdl/vhdl/util_ds_buf.vhd" into library util_ds_buf_v2_01_a
INFO: [VRFC 10-307] analyzing entity util_ds_buf
INFO: [VRFC 10-163] Analyzing VHDL file "/home/darryn/Git/milosar/fpga/milosar.ip_user_files/bd/system/ip/system_util_ds_buf_2_0/sim/system_util_ds_buf_2_0.vhd" into library xil_defaultlib
INFO: [VRFC 10-307] analyzing entity system_util_ds_buf_2_0
INFO: [VRFC 10-163] Analyzing VHDL file "/home/darryn/Git/milosar/fpga/milosar.ip_user_files/bd/system/ip/system_util_ds_buf_1_0/sim/system_util_ds_buf_1_0.vhd" into library xil_defaultlib
INFO: [VRFC 10-307] analyzing entity system_util_ds_buf_1_0
INFO: [VRFC 10-163] Analyzing VHDL file "/home/darryn/Git/milosar/fpga/milosar.ip_user_files/bd/system/ip/system_util_ds_buf_0_1/sim/system_util_ds_buf_0_1.vhd" into library xil_defaultlib
INFO: [VRFC 10-307] analyzing entity system_util_ds_buf_0_1
INFO: [VRFC 10-163] Analyzing VHDL file "/home/darryn/Git/milosar/fpga/milosar.ip_user_files/ipstatic/xbip_utils_v3_0/hdl/xbip_utils_v3_0_vh_rfs.vhd" into library xbip_utils_v3_0_6
INFO: [VRFC 10-163] Analyzing VHDL file "/home/darryn/Git/milosar/fpga/milosar.ip_user_files/ipstatic/axi_utils_v2_0/hdl/axi_utils_v2_0_vh_rfs.vhd" into library axi_utils_v2_0_2
INFO: [VRFC 10-307] analyzing entity glb_srl_fifo
INFO: [VRFC 10-307] analyzing entity glb_ifx_slave
INFO: [VRFC 10-307] analyzing entity glb_ifx_master
INFO: [VRFC 10-307] analyzing entity axi_slave_2to1
INFO: [VRFC 10-307] analyzing entity axi_slave_3to1
INFO: [VRFC 10-307] analyzing entity axi_slave_4to1
INFO: [VRFC 10-163] Analyzing VHDL file "/home/darryn/Git/milosar/fpga/milosar.ip_user_files/ipstatic/xbip_pipe_v3_0/hdl/xbip_pipe_v3_0_vh_rfs.vhd" into library xbip_pipe_v3_0_2
INFO: [VRFC 10-307] analyzing entity xbip_pipe_v3_0_2_viv
INFO: [VRFC 10-163] Analyzing VHDL file "/home/darryn/Git/milosar/fpga/milosar.ip_user_files/ipstatic/xbip_pipe_v3_0/hdl/xbip_pipe_v3_0.vhd" into library xbip_pipe_v3_0_2
INFO: [VRFC 10-307] analyzing entity xbip_pipe_v3_0_2
INFO: [VRFC 10-163] Analyzing VHDL file "/home/darryn/Git/milosar/fpga/milosar.ip_user_files/ipstatic/xbip_bram18k_v3_0/hdl/xbip_bram18k_v3_0_vh_rfs.vhd" into library xbip_bram18k_v3_0_2
INFO: [VRFC 10-307] analyzing entity xbip_bram18k_synth
INFO: [VRFC 10-307] analyzing entity xbip_bram18k_rtl
INFO: [VRFC 10-307] analyzing entity xbip_bram18k_v3_0_2_viv
INFO: [VRFC 10-163] Analyzing VHDL file "/home/darryn/Git/milosar/fpga/milosar.ip_user_files/ipstatic/xbip_bram18k_v3_0/hdl/xbip_bram18k_v3_0.vhd" into library xbip_bram18k_v3_0_2
INFO: [VRFC 10-307] analyzing entity xbip_bram18k_v3_0_2
INFO: [VRFC 10-163] Analyzing VHDL file "/home/darryn/Git/milosar/fpga/milosar.ip_user_files/ipstatic/mult_gen_v12_0/hdl/mult_gen_v12_0_vh_rfs.vhd" into library mult_gen_v12_0_11
INFO: [VRFC 10-307] analyzing entity op_resize
INFO: [VRFC 10-307] analyzing entity delay_line
INFO: [VRFC 10-307] analyzing entity cc_compare
INFO: [VRFC 10-307] analyzing entity luts
INFO: [VRFC 10-307] analyzing entity mult18
INFO: [VRFC 10-307] analyzing entity dsp
INFO: [VRFC 10-307] analyzing entity hybrid
INFO: [VRFC 10-307] analyzing entity ccm_dist_mem
INFO: [VRFC 10-307] analyzing entity ccm_sp_block_mem
INFO: [VRFC 10-307] analyzing entity ccm_dp_block_mem
INFO: [VRFC 10-307] analyzing entity ccm_syncmem
INFO: [VRFC 10-307] analyzing entity ccm_scaled_adder
INFO: [VRFC 10-307] analyzing entity ccm_operation
INFO: [VRFC 10-307] analyzing entity ccm
INFO: [VRFC 10-307] analyzing entity three_input_adder
INFO: [VRFC 10-307] analyzing entity multmxn_lut6
INFO: [VRFC 10-307] analyzing entity mult_gen_v12_0_11_viv
INFO: [VRFC 10-163] Analyzing VHDL file "/home/darryn/Git/milosar/fpga/milosar.ip_user_files/ipstatic/mult_gen_v12_0/hdl/mult_gen_v12_0.vhd" into library mult_gen_v12_0_11
INFO: [VRFC 10-307] analyzing entity mult_gen_v12_0_11
INFO: [VRFC 10-163] Analyzing VHDL file "/home/darryn/Git/milosar/fpga/milosar.ip_user_files/ipstatic/xbip_dsp48_wrapper_v3_0/hdl/xbip_dsp48_wrapper_v3_0_vh_rfs.vhd" into library xbip_dsp48_wrapper_v3_0_4
INFO: [VRFC 10-307] analyzing entity xbip_dsp48a_wrapper_v3_0
INFO: [VRFC 10-307] analyzing entity xbip_dsp48a1_wrapper_v3_0
INFO: [VRFC 10-307] analyzing entity xbip_dsp48e_wrapper_v3_0
INFO: [VRFC 10-307] analyzing entity xbip_dsp48e1_wrapper_v3_0
INFO: [VRFC 10-307] analyzing entity xbip_dsp48e2_wrapper_v3_0
INFO: [VRFC 10-307] analyzing entity xbip_dsp48_wrapper_v3_0_4
INFO: [VRFC 10-163] Analyzing VHDL file "/home/darryn/Git/milosar/fpga/milosar.ip_user_files/ipstatic/xbip_dsp48_addsub_v3_0/hdl/xbip_dsp48_addsub_v3_0_vh_rfs.vhd" into library xbip_dsp48_addsub_v3_0_2
INFO: [VRFC 10-307] analyzing entity xbip_dsp48_addsub_rtl
INFO: [VRFC 10-307] analyzing entity xbip_dsp48_addsub_synth
INFO: [VRFC 10-307] analyzing entity xbip_dsp48_addsub_v3_0_2_viv
INFO: [VRFC 10-163] Analyzing VHDL file "/home/darryn/Git/milosar/fpga/milosar.ip_user_files/ipstatic/xbip_dsp48_addsub_v3_0/hdl/xbip_dsp48_addsub_v3_0.vhd" into library xbip_dsp48_addsub_v3_0_2
INFO: [VRFC 10-307] analyzing entity xbip_dsp48_addsub_v3_0_2
INFO: [VRFC 10-163] Analyzing VHDL file "/home/darryn/Git/milosar/fpga/milosar.ip_user_files/ipstatic/xbip_dsp48_multadd_v3_0/hdl/xbip_dsp48_multadd_v3_0_vh_rfs.vhd" into library xbip_dsp48_multadd_v3_0_2
INFO: [VRFC 10-307] analyzing entity xbip_dsp48_multadd_rtl
INFO: [VRFC 10-307] analyzing entity xbip_dsp48_multadd_synth
INFO: [VRFC 10-307] analyzing entity xbip_dsp48_multadd_v3_0_2_viv
INFO: [VRFC 10-163] Analyzing VHDL file "/home/darryn/Git/milosar/fpga/milosar.ip_user_files/ipstatic/xbip_dsp48_multadd_v3_0/hdl/xbip_dsp48_multadd_v3_0.vhd" into library xbip_dsp48_multadd_v3_0_2
INFO: [VRFC 10-307] analyzing entity xbip_dsp48_multadd_v3_0_2
INFO: [VRFC 10-163] Analyzing VHDL file "/home/darryn/Git/milosar/fpga/milosar.ip_user_files/ipstatic/dds_compiler_v6_0/hdl/dds_compiler_v6_0_vh_rfs.vhd" into library dds_compiler_v6_0_12
INFO: [VRFC 10-307] analyzing entity dither_wrap
INFO: [VRFC 10-307] analyzing entity pipe_add
INFO: [VRFC 10-307] analyzing entity lut_ram
INFO: [VRFC 10-307] analyzing entity lut5_ram
INFO: [VRFC 10-307] analyzing entity sin_cos
INFO: [VRFC 10-307] analyzing entity sin_cos_quad_rast
INFO: [VRFC 10-307] analyzing entity dsp48_wrap
INFO: [VRFC 10-307] analyzing entity accum
INFO: [VRFC 10-307] analyzing entity raster_accum
INFO: [VRFC 10-307] analyzing entity dds_compiler_v6_0_12_eff_lut
INFO: [VRFC 10-307] analyzing entity dds_compiler_v6_0_12_eff
INFO: [VRFC 10-307] analyzing entity dds_compiler_v6_0_12_rdy
INFO: [VRFC 10-307] analyzing entity dds_compiler_v6_0_12_core
INFO: [VRFC 10-307] analyzing entity dds_compiler_v6_0_12_viv
INFO: [VRFC 10-163] Analyzing VHDL file "/home/darryn/Git/milosar/fpga/milosar.ip_user_files/ipstatic/dds_compiler_v6_0/hdl/dds_compiler_v6_0.vhd" into library dds_compiler_v6_0_12
INFO: [VRFC 10-307] analyzing entity dds_compiler_v6_0_12
INFO: [VRFC 10-163] Analyzing VHDL file "/home/darryn/Git/milosar/fpga/milosar.ip_user_files/bd/system/ip/system_dds_compiler_0_0/sim/system_dds_compiler_0_0.vhd" into library xil_defaultlib
INFO: [VRFC 10-307] analyzing entity system_dds_compiler_0_0
INFO: [VRFC 10-163] Analyzing VHDL file "/home/darryn/Git/milosar/fpga/milosar.ip_user_files/ipstatic/c_reg_fd_v12_0/hdl/c_reg_fd_v12_0_vh_rfs.vhd" into library c_reg_fd_v12_0_2
INFO: [VRFC 10-307] analyzing entity c_reg_fd_v12_0_2_viv
INFO: [VRFC 10-163] Analyzing VHDL file "/home/darryn/Git/milosar/fpga/milosar.ip_user_files/ipstatic/c_reg_fd_v12_0/hdl/c_reg_fd_v12_0.vhd" into library c_reg_fd_v12_0_2
INFO: [VRFC 10-307] analyzing entity c_reg_fd_v12_0_2
INFO: [VRFC 10-163] Analyzing VHDL file "/home/darryn/Git/milosar/fpga/milosar.ip_user_files/ipstatic/xbip_addsub_v3_0/hdl/xbip_addsub_v3_0_vh_rfs.vhd" into library xbip_addsub_v3_0_2
INFO: [VRFC 10-307] analyzing entity xbip_addsub_v3_0_2_viv
INFO: [VRFC 10-163] Analyzing VHDL file "/home/darryn/Git/milosar/fpga/milosar.ip_user_files/ipstatic/xbip_addsub_v3_0/hdl/xbip_addsub_v3_0.vhd" into library xbip_addsub_v3_0_2
INFO: [VRFC 10-307] analyzing entity xbip_addsub_v3_0_2
INFO: [VRFC 10-163] Analyzing VHDL file "/home/darryn/Git/milosar/fpga/milosar.ip_user_files/ipstatic/c_addsub_v12_0/hdl/c_addsub_v12_0_vh_rfs.vhd" into library c_addsub_v12_0_9
INFO: [VRFC 10-307] analyzing entity c_addsub_v12_0_9_lut6_legacy
INFO: [VRFC 10-307] analyzing entity c_addsub_v12_0_9_base_legacy
INFO: [VRFC 10-307] analyzing entity c_addsub_v12_0_9_fabric_legacy
INFO: [VRFC 10-307] analyzing entity c_addsub_v12_0_9_legacy
INFO: [VRFC 10-307] analyzing entity c_addsub_v12_0_9_viv
INFO: [VRFC 10-163] Analyzing VHDL file "/home/darryn/Git/milosar/fpga/milosar.ip_user_files/ipstatic/c_addsub_v12_0/hdl/c_addsub_v12_0.vhd" into library c_addsub_v12_0_9
INFO: [VRFC 10-307] analyzing entity c_addsub_v12_0_9
INFO: [VRFC 10-163] Analyzing VHDL file "/home/darryn/Git/milosar/fpga/milosar.ip_user_files/ipstatic/c_gate_bit_v12_0/hdl/c_gate_bit_v12_0_vh_rfs.vhd" into library c_gate_bit_v12_0_2
INFO: [VRFC 10-307] analyzing entity c_gate_bit_tile
INFO: [VRFC 10-307] analyzing entity c_gate_bit_tier
INFO: [VRFC 10-307] analyzing entity c_gate_bit_v12_0_2_viv
INFO: [VRFC 10-163] Analyzing VHDL file "/home/darryn/Git/milosar/fpga/milosar.ip_user_files/ipstatic/c_gate_bit_v12_0/hdl/c_gate_bit_v12_0.vhd" into library c_gate_bit_v12_0_2
INFO: [VRFC 10-307] analyzing entity c_gate_bit_v12_0_2
INFO: [VRFC 10-163] Analyzing VHDL file "/home/darryn/Git/milosar/fpga/milosar.ip_user_files/ipstatic/xbip_counter_v3_0/hdl/xbip_counter_v3_0_vh_rfs.vhd" into library xbip_counter_v3_0_2
INFO: [VRFC 10-307] analyzing entity dsp48_counter
INFO: [VRFC 10-307] analyzing entity fabric_counter
INFO: [VRFC 10-307] analyzing entity xbip_counter_v3_0_2_viv
INFO: [VRFC 10-163] Analyzing VHDL file "/home/darryn/Git/milosar/fpga/milosar.ip_user_files/ipstatic/xbip_counter_v3_0/hdl/xbip_counter_v3_0.vhd" into library xbip_counter_v3_0_2
INFO: [VRFC 10-307] analyzing entity xbip_counter_v3_0_2
INFO: [VRFC 10-163] Analyzing VHDL file "/home/darryn/Git/milosar/fpga/milosar.ip_user_files/ipstatic/c_counter_binary_v12_0/hdl/c_counter_binary_v12_0_vh_rfs.vhd" into library c_counter_binary_v12_0_9
INFO: [VRFC 10-307] analyzing entity c_counter_binary_v12_0_9_legacy
INFO: [VRFC 10-307] analyzing entity c_counter_binary_v12_0_9_viv
INFO: [VRFC 10-163] Analyzing VHDL file "/home/darryn/Git/milosar/fpga/milosar.ip_user_files/ipstatic/c_counter_binary_v12_0/hdl/c_counter_binary_v12_0.vhd" into library c_counter_binary_v12_0_9
INFO: [VRFC 10-307] analyzing entity c_counter_binary_v12_0_9
INFO: [VRFC 10-163] Analyzing VHDL file "/home/darryn/Git/milosar/fpga/milosar.ip_user_files/bd/system/ip/system_c_counter_binary_0_0_1/sim/system_c_counter_binary_0_0.vhd" into library xil_defaultlib
INFO: [VRFC 10-307] analyzing entity system_c_counter_binary_0_0
INFO: [VRFC 10-163] Analyzing VHDL file "/home/darryn/Git/milosar/fpga/milosar.ip_user_files/bd/system/ipshared/xilinx.com/util_vector_logic_v2_0/hdl/util_vector_logic.vhd" into library util_vector_logic_v2_0
INFO: [VRFC 10-307] analyzing entity util_vector_logic
INFO: [VRFC 10-163] Analyzing VHDL file "/home/darryn/Git/milosar/fpga/milosar.ip_user_files/bd/system/ip/system_util_vector_logic_0_0/sim/system_util_vector_logic_0_0.vhd" into library xil_defaultlib
INFO: [VRFC 10-307] analyzing entity system_util_vector_logic_0_0
