INFO: [VRFC 10-163] Analyzing VHDL file "/opt/Xilinx/Vivado/2016.2/data/ip/xpm/xpm_VCOMP.vhd" into library xpm
INFO: [VRFC 10-163] Analyzing VHDL file "/home/darryn/Git/milosar/fpga/milosar.ip_user_files/ipstatic/lib_cdc_v1_0/hdl/src/vhdl/cdc_sync.vhd" into library lib_cdc_v1_0_2
INFO: [VRFC 10-307] analyzing entity cdc_sync
INFO: [VRFC 10-163] Analyzing VHDL file "/home/darryn/Git/milosar/fpga/milosar.ip_user_files/ipstatic/proc_sys_reset_v5_0/hdl/src/vhdl/upcnt_n.vhd" into library proc_sys_reset_v5_0_9
INFO: [VRFC 10-307] analyzing entity upcnt_n
INFO: [VRFC 10-163] Analyzing VHDL file "/home/darryn/Git/milosar/fpga/milosar.ip_user_files/ipstatic/proc_sys_reset_v5_0/hdl/src/vhdl/sequence_psr.vhd" into library proc_sys_reset_v5_0_9
INFO: [VRFC 10-307] analyzing entity sequence_psr
INFO: [VRFC 10-163] Analyzing VHDL file "/home/darryn/Git/milosar/fpga/milosar.ip_user_files/ipstatic/proc_sys_reset_v5_0/hdl/src/vhdl/lpf.vhd" into library proc_sys_reset_v5_0_9
INFO: [VRFC 10-307] analyzing entity lpf
INFO: [VRFC 10-163] Analyzing VHDL file "/home/darryn/Git/milosar/fpga/milosar.ip_user_files/ipstatic/proc_sys_reset_v5_0/hdl/src/vhdl/proc_sys_reset.vhd" into library proc_sys_reset_v5_0_9
INFO: [VRFC 10-307] analyzing entity proc_sys_reset
INFO: [VRFC 10-163] Analyzing VHDL file "/home/darryn/Git/milosar/fpga/milosar.ip_user_files/bd/system/ip/system_rst_0_0/sim/system_rst_0_0.vhd" into library xil_defaultlib
INFO: [VRFC 10-307] analyzing entity system_rst_0_0
INFO: [VRFC 10-163] Analyzing VHDL file "/home/darryn/Git/milosar/fpga/milosar.ip_user_files/ipstatic/fifo_generator_v13_1/hdl/fifo_generator_v13_1_rfs.vhd" into library fifo_generator_v13_1_1
INFO: [VRFC 10-307] analyzing entity input_blk
INFO: [VRFC 10-307] analyzing entity output_blk
INFO: [VRFC 10-307] analyzing entity shft_wrapper
INFO: [VRFC 10-307] analyzing entity shft_ram
INFO: [VRFC 10-307] analyzing entity wr_pf_as
INFO: [VRFC 10-307] analyzing entity wr_pf_ss
INFO: [VRFC 10-307] analyzing entity rd_pe_as
INFO: [VRFC 10-307] analyzing entity rd_pe_ss
INFO: [VRFC 10-307] analyzing entity synchronizer_ff
INFO: [VRFC 10-307] analyzing entity delay
INFO: [VRFC 10-307] analyzing entity bin_cntr
INFO: [VRFC 10-307] analyzing entity clk_x_pntrs_builtin
INFO: [VRFC 10-307] analyzing entity logic_builtin
INFO: [VRFC 10-307] analyzing entity builtin_prim
INFO: [VRFC 10-307] analyzing entity builtin_extdepth
INFO: [VRFC 10-307] analyzing entity builtin_top
INFO: [VRFC 10-307] analyzing entity reset_builtin
INFO: [VRFC 10-307] analyzing entity builtin_prim_v6
INFO: [VRFC 10-307] analyzing entity builtin_extdepth_v6
INFO: [VRFC 10-307] analyzing entity builtin_extdepth_low_latency
INFO: [VRFC 10-307] analyzing entity builtin_top_v6
INFO: [VRFC 10-307] analyzing entity fifo_generator_v13_1_1_builtin
INFO: [VRFC 10-307] analyzing entity bram_sync_reg
INFO: [VRFC 10-307] analyzing entity bram_fifo_rstlogic
INFO: [VRFC 10-307] analyzing entity reset_blk_ramfifo
INFO: [VRFC 10-307] analyzing entity axi_reg_slice
INFO: [VRFC 10-307] analyzing entity fifo_generator_top
INFO: [VRFC 10-307] analyzing entity fifo_generator_v13_1_1_synth
INFO: [VRFC 10-163] Analyzing VHDL file "/home/darryn/Git/milosar/fpga/milosar.ip_user_files/ipstatic/util_ds_buf_v2_1/hdl/vhdl/util_ds_buf.vhd" into library util_ds_buf_v2_01_a
INFO: [VRFC 10-307] analyzing entity util_ds_buf
INFO: [VRFC 10-163] Analyzing VHDL file "/home/darryn/Git/milosar/fpga/milosar.ip_user_files/bd/system/ip/system_util_ds_buf_2_0/sim/system_util_ds_buf_2_0.vhd" into library xil_defaultlib
INFO: [VRFC 10-307] analyzing entity system_util_ds_buf_2_0
INFO: [VRFC 10-163] Analyzing VHDL file "/home/darryn/Git/milosar/fpga/milosar.ip_user_files/bd/system/ip/system_util_ds_buf_1_0/sim/system_util_ds_buf_1_0.vhd" into library xil_defaultlib
INFO: [VRFC 10-307] analyzing entity system_util_ds_buf_1_0
INFO: [VRFC 10-163] Analyzing VHDL file "/home/darryn/Git/milosar/fpga/milosar.ip_user_files/bd/system/ip/system_util_ds_buf_0_1/sim/system_util_ds_buf_0_1.vhd" into library xil_defaultlib
INFO: [VRFC 10-307] analyzing entity system_util_ds_buf_0_1
INFO: [VRFC 10-163] Analyzing VHDL file "/home/darryn/Git/milosar/fpga/milosar.ip_user_files/ipstatic/xbip_utils_v3_0/hdl/xbip_utils_v3_0_vh_rfs.vhd" into library xbip_utils_v3_0_6
INFO: [VRFC 10-163] Analyzing VHDL file "/home/darryn/Git/milosar/fpga/milosar.ip_user_files/ipstatic/axi_utils_v2_0/hdl/axi_utils_v2_0_vh_rfs.vhd" into library axi_utils_v2_0_2
INFO: [VRFC 10-307] analyzing entity glb_srl_fifo
INFO: [VRFC 10-307] analyzing entity glb_ifx_slave
INFO: [VRFC 10-307] analyzing entity glb_ifx_master
INFO: [VRFC 10-307] analyzing entity axi_slave_2to1
INFO: [VRFC 10-307] analyzing entity axi_slave_3to1
INFO: [VRFC 10-307] analyzing entity axi_slave_4to1
INFO: [VRFC 10-163] Analyzing VHDL file "/home/darryn/Git/milosar/fpga/milosar.ip_user_files/ipstatic/xbip_pipe_v3_0/hdl/xbip_pipe_v3_0_vh_rfs.vhd" into library xbip_pipe_v3_0_2
INFO: [VRFC 10-307] analyzing entity xbip_pipe_v3_0_2_viv
INFO: [VRFC 10-163] Analyzing VHDL file "/home/darryn/Git/milosar/fpga/milosar.ip_user_files/ipstatic/xbip_pipe_v3_0/hdl/xbip_pipe_v3_0.vhd" into library xbip_pipe_v3_0_2
INFO: [VRFC 10-307] analyzing entity xbip_pipe_v3_0_2
INFO: [VRFC 10-163] Analyzing VHDL file "/home/darryn/Git/milosar/fpga/milosar.ip_user_files/ipstatic/xbip_bram18k_v3_0/hdl/xbip_bram18k_v3_0_vh_rfs.vhd" into library xbip_bram18k_v3_0_2
INFO: [VRFC 10-307] analyzing entity xbip_bram18k_synth
INFO: [VRFC 10-307] analyzing entity xbip_bram18k_rtl
INFO: [VRFC 10-307] analyzing entity xbip_bram18k_v3_0_2_viv
INFO: [VRFC 10-163] Analyzing VHDL file "/home/darryn/Git/milosar/fpga/milosar.ip_user_files/ipstatic/xbip_bram18k_v3_0/hdl/xbip_bram18k_v3_0.vhd" into library xbip_bram18k_v3_0_2
INFO: [VRFC 10-307] analyzing entity xbip_bram18k_v3_0_2
INFO: [VRFC 10-163] Analyzing VHDL file "/home/darryn/Git/milosar/fpga/milosar.ip_user_files/ipstatic/mult_gen_v12_0/hdl/mult_gen_v12_0_vh_rfs.vhd" into library mult_gen_v12_0_11
INFO: [VRFC 10-307] analyzing entity op_resize
INFO: [VRFC 10-307] analyzing entity delay_line
INFO: [VRFC 10-307] analyzing entity cc_compare
INFO: [VRFC 10-307] analyzing entity luts
INFO: [VRFC 10-307] analyzing entity mult18
INFO: [VRFC 10-307] analyzing entity dsp
INFO: [VRFC 10-307] analyzing entity hybrid
INFO: [VRFC 10-307] analyzing entity ccm_dist_mem
INFO: [VRFC 10-307] analyzing entity ccm_sp_block_mem
INFO: [VRFC 10-307] analyzing entity ccm_dp_block_mem
INFO: [VRFC 10-307] analyzing entity ccm_syncmem
INFO: [VRFC 10-307] analyzing entity ccm_scaled_adder
INFO: [VRFC 10-307] analyzing entity ccm_operation
INFO: [VRFC 10-307] analyzing entity ccm
INFO: [VRFC 10-307] analyzing entity three_input_adder
INFO: [VRFC 10-307] analyzing entity multmxn_lut6
INFO: [VRFC 10-307] analyzing entity mult_gen_v12_0_11_viv
INFO: [VRFC 10-163] Analyzing VHDL file "/home/darryn/Git/milosar/fpga/milosar.ip_user_files/ipstatic/mult_gen_v12_0/hdl/mult_gen_v12_0.vhd" into library mult_gen_v12_0_11
INFO: [VRFC 10-307] analyzing entity mult_gen_v12_0_11
INFO: [VRFC 10-163] Analyzing VHDL file "/home/darryn/Git/milosar/fpga/milosar.ip_user_files/ipstatic/xbip_dsp48_wrapper_v3_0/hdl/xbip_dsp48_wrapper_v3_0_vh_rfs.vhd" into library xbip_dsp48_wrapper_v3_0_4
INFO: [VRFC 10-307] analyzing entity xbip_dsp48a_wrapper_v3_0
INFO: [VRFC 10-307] analyzing entity xbip_dsp48a1_wrapper_v3_0
INFO: [VRFC 10-307] analyzing entity xbip_dsp48e_wrapper_v3_0
INFO: [VRFC 10-307] analyzing entity xbip_dsp48e1_wrapper_v3_0
INFO: [VRFC 10-307] analyzing entity xbip_dsp48e2_wrapper_v3_0
INFO: [VRFC 10-307] analyzing entity xbip_dsp48_wrapper_v3_0_4
INFO: [VRFC 10-163] Analyzing VHDL file "/home/darryn/Git/milosar/fpga/milosar.ip_user_files/ipstatic/xbip_dsp48_addsub_v3_0/hdl/xbip_dsp48_addsub_v3_0_vh_rfs.vhd" into library xbip_dsp48_addsub_v3_0_2
INFO: [VRFC 10-307] analyzing entity xbip_dsp48_addsub_rtl
INFO: [VRFC 10-307] analyzing entity xbip_dsp48_addsub_synth
INFO: [VRFC 10-307] analyzing entity xbip_dsp48_addsub_v3_0_2_viv
INFO: [VRFC 10-163] Analyzing VHDL file "/home/darryn/Git/milosar/fpga/milosar.ip_user_files/ipstatic/xbip_dsp48_addsub_v3_0/hdl/xbip_dsp48_addsub_v3_0.vhd" into library xbip_dsp48_addsub_v3_0_2
INFO: [VRFC 10-307] analyzing entity xbip_dsp48_addsub_v3_0_2
INFO: [VRFC 10-163] Analyzing VHDL file "/home/darryn/Git/milosar/fpga/milosar.ip_user_files/ipstatic/xbip_dsp48_multadd_v3_0/hdl/xbip_dsp48_multadd_v3_0_vh_rfs.vhd" into library xbip_dsp48_multadd_v3_0_2
INFO: [VRFC 10-307] analyzing entity xbip_dsp48_multadd_rtl
INFO: [VRFC 10-307] analyzing entity xbip_dsp48_multadd_synth
INFO: [VRFC 10-307] analyzing entity xbip_dsp48_multadd_v3_0_2_viv
INFO: [VRFC 10-163] Analyzing VHDL file "/home/darryn/Git/milosar/fpga/milosar.ip_user_files/ipstatic/xbip_dsp48_multadd_v3_0/hdl/xbip_dsp48_multadd_v3_0.vhd" into library xbip_dsp48_multadd_v3_0_2
INFO: [VRFC 10-307] analyzing entity xbip_dsp48_multadd_v3_0_2
INFO: [VRFC 10-163] Analyzing VHDL file "/home/darryn/Git/milosar/fpga/milosar.ip_user_files/ipstatic/dds_compiler_v6_0/hdl/dds_compiler_v6_0_vh_rfs.vhd" into library dds_compiler_v6_0_12
INFO: [VRFC 10-307] analyzing entity dither_wrap
INFO: [VRFC 10-307] analyzing entity pipe_add
INFO: [VRFC 10-307] analyzing entity lut_ram
INFO: [VRFC 10-307] analyzing entity lut5_ram
INFO: [VRFC 10-307] analyzing entity sin_cos
INFO: [VRFC 10-307] analyzing entity sin_cos_quad_rast
INFO: [VRFC 10-307] analyzing entity dsp48_wrap
INFO: [VRFC 10-307] analyzing entity accum
INFO: [VRFC 10-307] analyzing entity raster_accum
INFO: [VRFC 10-307] analyzing entity dds_compiler_v6_0_12_eff_lut
INFO: [VRFC 10-307] analyzing entity dds_compiler_v6_0_12_eff
INFO: [VRFC 10-307] analyzing entity dds_compiler_v6_0_12_rdy
INFO: [VRFC 10-307] analyzing entity dds_compiler_v6_0_12_core
INFO: [VRFC 10-307] analyzing entity dds_compiler_v6_0_12_viv
INFO: [VRFC 10-163] Analyzing VHDL file "/home/darryn/Git/milosar/fpga/milosar.ip_user_files/ipstatic/dds_compiler_v6_0/hdl/dds_compiler_v6_0.vhd" into library dds_compiler_v6_0_12
INFO: [VRFC 10-307] analyzing entity dds_compiler_v6_0_12
INFO: [VRFC 10-163] Analyzing VHDL file "/home/darryn/Git/milosar/fpga/milosar.ip_user_files/bd/system/ip/system_dds_compiler_0_0/sim/system_dds_compiler_0_0.vhd" into library xil_defaultlib
INFO: [VRFC 10-307] analyzing entity system_dds_compiler_0_0
INFO: [VRFC 10-163] Analyzing VHDL file "/home/darryn/Git/milosar/fpga/milosar.ip_user_files/ipstatic/c_reg_fd_v12_0/hdl/c_reg_fd_v12_0_vh_rfs.vhd" into library c_reg_fd_v12_0_2
INFO: [VRFC 10-307] analyzing entity c_reg_fd_v12_0_2_viv
INFO: [VRFC 10-163] Analyzing VHDL file "/home/darryn/Git/milosar/fpga/milosar.ip_user_files/ipstatic/c_reg_fd_v12_0/hdl/c_reg_fd_v12_0.vhd" into library c_reg_fd_v12_0_2
INFO: [VRFC 10-307] analyzing entity c_reg_fd_v12_0_2
INFO: [VRFC 10-163] Analyzing VHDL file "/home/darryn/Git/milosar/fpga/milosar.ip_user_files/ipstatic/xbip_addsub_v3_0/hdl/xbip_addsub_v3_0_vh_rfs.vhd" into library xbip_addsub_v3_0_2
INFO: [VRFC 10-307] analyzing entity xbip_addsub_v3_0_2_viv
INFO: [VRFC 10-163] Analyzing VHDL file "/home/darryn/Git/milosar/fpga/milosar.ip_user_files/ipstatic/xbip_addsub_v3_0/hdl/xbip_addsub_v3_0.vhd" into library xbip_addsub_v3_0_2
INFO: [VRFC 10-307] analyzing entity xbip_addsub_v3_0_2
INFO: [VRFC 10-163] Analyzing VHDL file "/home/darryn/Git/milosar/fpga/milosar.ip_user_files/ipstatic/c_addsub_v12_0/hdl/c_addsub_v12_0_vh_rfs.vhd" into library c_addsub_v12_0_9
INFO: [VRFC 10-307] analyzing entity c_addsub_v12_0_9_lut6_legacy
INFO: [VRFC 10-307] analyzing entity c_addsub_v12_0_9_base_legacy
INFO: [VRFC 10-307] analyzing entity c_addsub_v12_0_9_fabric_legacy
INFO: [VRFC 10-307] analyzing entity c_addsub_v12_0_9_legacy
INFO: [VRFC 10-307] analyzing entity c_addsub_v12_0_9_viv
INFO: [VRFC 10-163] Analyzing VHDL file "/home/darryn/Git/milosar/fpga/milosar.ip_user_files/ipstatic/c_addsub_v12_0/hdl/c_addsub_v12_0.vhd" into library c_addsub_v12_0_9
INFO: [VRFC 10-307] analyzing entity c_addsub_v12_0_9
INFO: [VRFC 10-163] Analyzing VHDL file "/home/darryn/Git/milosar/fpga/milosar.ip_user_files/ipstatic/c_gate_bit_v12_0/hdl/c_gate_bit_v12_0_vh_rfs.vhd" into library c_gate_bit_v12_0_2
INFO: [VRFC 10-307] analyzing entity c_gate_bit_tile
INFO: [VRFC 10-307] analyzing entity c_gate_bit_tier
INFO: [VRFC 10-307] analyzing entity c_gate_bit_v12_0_2_viv
INFO: [VRFC 10-163] Analyzing VHDL file "/home/darryn/Git/milosar/fpga/milosar.ip_user_files/ipstatic/c_gate_bit_v12_0/hdl/c_gate_bit_v12_0.vhd" into library c_gate_bit_v12_0_2
INFO: [VRFC 10-307] analyzing entity c_gate_bit_v12_0_2
INFO: [VRFC 10-163] Analyzing VHDL file "/home/darryn/Git/milosar/fpga/milosar.ip_user_files/ipstatic/xbip_counter_v3_0/hdl/xbip_counter_v3_0_vh_rfs.vhd" into library xbip_counter_v3_0_2
INFO: [VRFC 10-307] analyzing entity dsp48_counter
INFO: [VRFC 10-307] analyzing entity fabric_counter
INFO: [VRFC 10-307] analyzing entity xbip_counter_v3_0_2_viv
INFO: [VRFC 10-163] Analyzing VHDL file "/home/darryn/Git/milosar/fpga/milosar.ip_user_files/ipstatic/xbip_counter_v3_0/hdl/xbip_counter_v3_0.vhd" into library xbip_counter_v3_0_2
INFO: [VRFC 10-307] analyzing entity xbip_counter_v3_0_2
INFO: [VRFC 10-163] Analyzing VHDL file "/home/darryn/Git/milosar/fpga/milosar.ip_user_files/ipstatic/c_counter_binary_v12_0/hdl/c_counter_binary_v12_0_vh_rfs.vhd" into library c_counter_binary_v12_0_9
INFO: [VRFC 10-307] analyzing entity c_counter_binary_v12_0_9_legacy
INFO: [VRFC 10-307] analyzing entity c_counter_binary_v12_0_9_viv
INFO: [VRFC 10-163] Analyzing VHDL file "/home/darryn/Git/milosar/fpga/milosar.ip_user_files/ipstatic/c_counter_binary_v12_0/hdl/c_counter_binary_v12_0.vhd" into library c_counter_binary_v12_0_9
INFO: [VRFC 10-307] analyzing entity c_counter_binary_v12_0_9
INFO: [VRFC 10-163] Analyzing VHDL file "/home/darryn/Git/milosar/fpga/milosar.ip_user_files/bd/system/ip/system_c_counter_binary_0_0_1/sim/system_c_counter_binary_0_0.vhd" into library xil_defaultlib
INFO: [VRFC 10-307] analyzing entity system_c_counter_binary_0_0
INFO: [VRFC 10-163] Analyzing VHDL file "/home/darryn/Git/milosar/fpga/milosar.ip_user_files/bd/system/ipshared/xilinx.com/util_vector_logic_v2_0/hdl/util_vector_logic.vhd" into library util_vector_logic_v2_0
INFO: [VRFC 10-307] analyzing entity util_vector_logic
INFO: [VRFC 10-163] Analyzing VHDL file "/home/darryn/Git/milosar/fpga/milosar.ip_user_files/bd/system/ip/system_util_vector_logic_0_0/sim/system_util_vector_logic_0_0.vhd" into library xil_defaultlib
INFO: [VRFC 10-307] analyzing entity system_util_vector_logic_0_0
